#
# A fatal error has been detected by the Java Runtime Environment:
#
#  EXCEPTION_ACCESS_VIOLATION (0xc0000005) at pc=0x72497396, pid=2508, tid=0x000008fc
#
# JRE version: Java(TM) SE Runtime Environment (8.0_171-b11) (build 1.8.0_171-b11)
# Java VM: Java HotSpot(TM) Client VM (25.171-b11 mixed mode windows-x86 )
# Problematic frame:
# C  [awt.dll+0xa7396]
#
# Failed to write core dump. Minidumps are not enabled by default on client versions of Windows
#
# If you would like to submit a bug report, please visit:
#   http://bugreport.java.com/bugreport/crash.jsp
# The crash happened outside the Java Virtual Machine in native code.
# See problematic frame for where to report the bug.
#

---------------  T H R E A D  ---------------

Current thread (0x143d1800):  JavaThread "AWT-Windows" daemon [_thread_in_native, id=2300, stack(0x14a40000,0x14a90000)]

siginfo: ExceptionCode=0xc0000005, reading address 0x00000000

Registers:
EAX=0x00000000, EBX=0x143d1940, ECX=0x000000aa, EDX=0x00000000
ESP=0x14a8f2cc, EBP=0x14a8f2fc, ESI=0x142707c0, EDI=0x00000118
EIP=0x72497396, EFLAGS=0x00010206

Top of Stack: (sp=0x14a8f2cc)
0x14a8f2cc:   40d2992e 14a8f378 00009824 00000000
0x14a8f2dc:   00280354 00000000 143d1940 14a8f35c
0x14a8f2ec:   14a8f2cc 14a8f390 724a81b8 00000001
0x14a8f2fc:   14a8f328 774986ef 00280354 00009824
0x14a8f30c:   142707c0 011800aa 00009824 dcbaabcd
0x14a8f31c:   00000000 14a8f378 00009824 14a8f3a0
0x14a8f32c:   77498876 72496b80 00280354 00009824
0x14a8f33c:   142707c0 011800aa 408d3cfd 00000000 

Instructions: (pc=0x72497396)
0x72497376:   75 10 8b 0b 8b 81 94 01 00 00 52 56 53 ff d0 8b
0x72497386:   4d 14 8b f9 c1 ef 10 0f bf ff 0f bf c9 89 55 e4
0x72497396:   8b 10 8b 92 28 01 00 00 57 51 8b c8 ff d2 8b 03
0x724973a6:   8b 48 58 56 53 ff d1 8b 13 8b 42 50 6a 00 53 c6 


Register to memory mapping:

EAX=0x00000000 is an unknown value
EBX=0x143d1940 is an unknown value
ECX=0x000000aa is an unknown value
EDX=0x00000000 is an unknown value
ESP=0x14a8f2cc is pointing into the stack for thread: 0x143d1800
EBP=0x14a8f2fc is pointing into the stack for thread: 0x143d1800
ESI=0x142707c0 is a global jni handle
EDI=0x00000118 is an unknown value


Stack: [0x14a40000,0x14a90000],  sp=0x14a8f2cc,  free space=316k
Native frames: (J=compiled Java code, j=interpreted, Vv=VM code, C=native code)
C  [awt.dll+0xa7396]
C  [USER32.dll+0x186ef]
C  [USER32.dll+0x18876]
C  [USER32.dll+0x170f4]
C  [USER32.dll+0x1738f]
C  [ntdll.dll+0x4642e]
C  [awt.dll+0xa668d]

Java frames: (J=compiled Java code, j=interpreted, Vv=VM code)
j  sun.awt.windows.WToolkit.eventLoop()V+0
j  sun.awt.windows.WToolkit.run()V+58
j  java.lang.Thread.run()V+11
v  ~StubRoutines::call_stub

---------------  P R O C E S S  ---------------

Java Threads: ( => current thread )
  0x15219c00 JavaThread "Thread-0" daemon [_thread_in_native, id=5360, stack(0x16200000,0x16250000)]
  0x1527e800 JavaThread "SIGINT handler" daemon [_thread_blocked, id=3920, stack(0x16120000,0x16170000)]
  0x150e6400 JavaThread "Abandoned connection cleanup thread" daemon [_thread_blocked, id=4516, stack(0x15dd0000,0x15e20000)]
  0x150b9000 JavaThread "TimerQueue" daemon [_thread_blocked, id=3320, stack(0x15d80000,0x15dd0000)]
  0x0061c400 JavaThread "DestroyJavaVM" [_thread_blocked, id=4896, stack(0x00fa0000,0x00ff0000)]
  0x1445e000 JavaThread "AWT-EventQueue-0" [_thread_in_native, id=388, stack(0x15550000,0x155a0000)]
=>0x143d1800 JavaThread "AWT-Windows" daemon [_thread_in_native, id=2300, stack(0x14a40000,0x14a90000)]
  0x143d0400 JavaThread "AWT-Shutdown" [_thread_blocked, id=5476, stack(0x148a0000,0x148f0000)]
  0x143cd800 JavaThread "Java2D Disposer" daemon [_thread_blocked, id=3024, stack(0x149f0000,0x14a40000)]
  0x142d6000 JavaThread "Service Thread" daemon [_thread_blocked, id=5792, stack(0x146d0000,0x14720000)]
  0x142bd400 JavaThread "C1 CompilerThread0" daemon [_thread_blocked, id=4112, stack(0x03db0000,0x03e00000)]
  0x142bc400 JavaThread "Attach Listener" daemon [_thread_blocked, id=5804, stack(0x14650000,0x146a0000)]
  0x142b9400 JavaThread "Signal Dispatcher" daemon [_thread_blocked, id=1908, stack(0x01020000,0x01070000)]
  0x14297c00 JavaThread "Finalizer" daemon [_thread_blocked, id=4364, stack(0x144f0000,0x14540000)]
  0x14273000 JavaThread "Reference Handler" daemon [_thread_blocked, id=4428, stack(0x14490000,0x144e0000)]

Other Threads:
  0x1426c800 VMThread [stack: 0x00ee0000,0x00f30000] [id=4380]
  0x142b3c00 WatcherThread [stack: 0x14730000,0x14780000] [id=5712]

VM state:not at safepoint (normal execution)

VM Mutex/Monitor currently owned by a thread: None

Heap:
 def new generation   total 4928K, used 2734K [0x03e00000, 0x04350000, 0x09350000)
  eden space 4416K,  61% used [0x03e00000, 0x040aafb0, 0x04250000)
  from space 512K,   0% used [0x042d0000, 0x042d0940, 0x04350000)
  to   space 512K,   0% used [0x04250000, 0x04250000, 0x042d0000)
 tenured generation   total 10944K, used 7946K [0x09350000, 0x09e00000, 0x13e00000)
   the space 10944K,  72% used [0x09350000, 0x09b12b08, 0x09b12c00, 0x09e00000)
 Metaspace       used 8465K, capacity 8636K, committed 8704K, reserved 9600K

Card table byte_map: [0x00e50000,0x00ee0000] byte_map_base: 0x00e31000

Polling page: 0x00390000

CodeCache: size=32768Kb used=1503Kb max_used=1503Kb free=31264Kb
 bounds [0x01ce0000, 0x01e58000, 0x03ce0000]
 total_blobs=863 nmethods=623 adapters=172
 compilation: enabled

Compilation events (10 events):
Event: 125.646 Thread 0x142bd400  623             java.util.TreeMap$Entry::getKey (5 bytes)
Event: 125.646 Thread 0x142bd400 nmethod 623 0x01e573c8 code [0x01e574c0, 0x01e57540]
Event: 125.646 Thread 0x142bd400  624             java.lang.Long::intValue (6 bytes)
Event: 125.646 Thread 0x142bd400 nmethod 624 0x01e57588 code [0x01e57680, 0x01e57700]
Event: 125.646 Thread 0x142bd400  625             java.util.TreeMap$Entry::getValue (5 bytes)
Event: 125.647 Thread 0x142bd400 nmethod 625 0x01e57748 code [0x01e57840, 0x01e578c0]
Event: 125.654 Thread 0x142bd400  626             sun.java2d.StateTrackableDelegate::markDirty (6 bytes)
Event: 125.654 Thread 0x142bd400 nmethod 626 0x01e57908 code [0x01e57a00, 0x01e57a90]
Event: 126.432 Thread 0x142bd400  627 %           java.awt.EventDispatchThread::pumpEventsForFilter @ 10 (47 bytes)
Event: 126.432 Thread 0x142bd400 nmethod 627% 0x01e57ac8 code [0x01e57c00, 0x01e57df0]

GC Heap History (10 events):
Event: 125.303 GC heap before
{Heap before GC invocations=4 (full 0):
 def new generation   total 4928K, used 4928K [0x03e00000, 0x04350000, 0x09350000)
  eden space 4416K, 100% used [0x03e00000, 0x04250000, 0x04250000)
  from space 512K, 100% used [0x04250000, 0x042d0000, 0x042d0000)
  to   space 512K,   0% used [0x042d0000, 0x042d0000, 0x04350000)
 tenured generation   total 10944K, used 7013K [0x09350000, 0x09e00000, 0x13e00000)
   the space 10944K,  64% used [0x09350000, 0x09a29490, 0x09a29600, 0x09e00000)
 Metaspace       used 8461K, capacity 8634K, committed 8704K, reserved 9600K
Event: 125.306 GC heap after
Heap after GC invocations=5 (full 0):
 def new generation   total 4928K, used 512K [0x03e00000, 0x04350000, 0x09350000)
  eden space 4416K,   0% used [0x03e00000, 0x03e00000, 0x04250000)
  from space 512K, 100% used [0x042d0000, 0x04350000, 0x04350000)
  to   space 512K,   0% used [0x04250000, 0x04250000, 0x042d0000)
 tenured generation   total 10944K, used 7627K [0x09350000, 0x09e00000, 0x13e00000)
   the space 10944K,  69% used [0x09350000, 0x09ac2eb0, 0x09ac3000, 0x09e00000)
 Metaspace       used 8461K, capacity 8634K, committed 8704K, reserved 9600K
}
Event: 125.996 GC heap before
{Heap before GC invocations=5 (full 0):
 def new generation   total 4928K, used 4928K [0x03e00000, 0x04350000, 0x09350000)
  eden space 4416K, 100% used [0x03e00000, 0x04250000, 0x04250000)
  from space 512K, 100% used [0x042d0000, 0x04350000, 0x04350000)
  to   space 512K,   0% used [0x04250000, 0x04250000, 0x042d0000)
 tenured generation   total 10944K, used 7627K [0x09350000, 0x09e00000, 0x13e00000)
   the space 10944K,  69% used [0x09350000, 0x09ac2eb0, 0x09ac3000, 0x09e00000)
 Metaspace       used 8464K, capacity 8636K, committed 8704K, reserved 9600K
Event: 125.998 GC heap after
Heap after GC invocations=6 (full 0):
 def new generation   total 4928K, used 152K [0x03e00000, 0x04350000, 0x09350000)
  eden space 4416K,   0% used [0x03e00000, 0x03e00000, 0x04250000)
  from space 512K,  29% used [0x04250000, 0x042762f8, 0x042d0000)
  to   space 512K,   0% used [0x042d0000, 0x042d0000, 0x04350000)
 tenured generation   total 10944K, used 7946K [0x09350000, 0x09e00000, 0x13e00000)
   the space 10944K,  72% used [0x09350000, 0x09b12b08, 0x09b12c00, 0x09e00000)
 Metaspace       used 8464K, capacity 8636K, committed 8704K, reserved 9600K
}
Event: 126.649 GC heap before
{Heap before GC invocations=6 (full 0):
 def new generation   total 4928K, used 4568K [0x03e00000, 0x04350000, 0x09350000)
  eden space 4416K, 100% used [0x03e00000, 0x04250000, 0x04250000)
  from space 512K,  29% used [0x04250000, 0x042762f8, 0x042d0000)
  to   space 512K,   0% used [0x042d0000, 0x042d0000, 0x04350000)
 tenured generation   total 10944K, used 7946K [0x09350000, 0x09e00000, 0x13e00000)
   the space 10944K,  72% used [0x09350000, 0x09b12b08, 0x09b12c00, 0x09e00000)
 Metaspace       used 8464K, capacity 8636K, committed 8704K, reserved 9600K
Event: 126.650 GC heap after
Heap after GC invocations=7 (full 0):
 def new generation   total 4928K, used 3K [0x03e00000, 0x04350000, 0x09350000)
  eden space 4416K,   0% used [0x03e00000, 0x03e00000, 0x04250000)
  from space 512K,   0% used [0x042d0000, 0x042d0d48, 0x04350000)
  to   space 512K,   0% used [0x04250000, 0x04250000, 0x042d0000)
 tenured generation   total 10944K, used 7946K [0x09350000, 0x09e00000, 0x13e00000)
   the space 10944K,  72% used [0x09350000, 0x09b12b08, 0x09b12c00, 0x09e00000)
 Metaspace       used 8464K, capacity 8636K, committed 8704K, reserved 9600K
}
Event: 127.280 GC heap before
{Heap before GC invocations=7 (full 0):
 def new generation   total 4928K, used 4419K [0x03e00000, 0x04350000, 0x09350000)
  eden space 4416K, 100% used [0x03e00000, 0x04250000, 0x04250000)
  from space 512K,   0% used [0x042d0000, 0x042d0d48, 0x04350000)
  to   space 512K,   0% used [0x04250000, 0x04250000, 0x042d0000)
 tenured generation   total 10944K, used 7946K [0x09350000, 0x09e00000, 0x13e00000)
   the space 10944K,  72% used [0x09350000, 0x09b12b08, 0x09b12c00, 0x09e00000)
 Metaspace       used 8464K, capacity 8636K, committed 8704K, reserved 9600K
Event: 127.281 GC heap after
Heap after GC invocations=8 (full 0):
 def new generation   total 4928K, used 2K [0x03e00000, 0x04350000, 0x09350000)
  eden space 4416K,   0% used [0x03e00000, 0x03e00000, 0x04250000)
  from space 512K,   0% used [0x04250000, 0x042508d8, 0x042d0000)
  to   space 512K,   0% used [0x042d0000, 0x042d0000, 0x04350000)
 tenured generation   total 10944K, used 7946K [0x09350000, 0x09e00000, 0x13e00000)
   the space 10944K,  72% used [0x09350000, 0x09b12b08, 0x09b12c00, 0x09e00000)
 Metaspace       used 8464K, capacity 8636K, committed 8704K, reserved 9600K
}
Event: 127.909 GC heap before
{Heap before GC invocations=8 (full 0):
 def new generation   total 4928K, used 4418K [0x03e00000, 0x04350000, 0x09350000)
  eden space 4416K, 100% used [0x03e00000, 0x04250000, 0x04250000)
  from space 512K,   0% used [0x04250000, 0x042508d8, 0x042d0000)
  to   space 512K,   0% used [0x042d0000, 0x042d0000, 0x04350000)
 tenured generation   total 10944K, used 7946K [0x09350000, 0x09e00000, 0x13e00000)
   the space 10944K,  72% used [0x09350000, 0x09b12b08, 0x09b12c00, 0x09e00000)
 Metaspace       used 8464K, capacity 8636K, committed 8704K, reserved 9600K
Event: 127.910 GC heap after
Heap after GC invocations=9 (full 0):
 def new generation   total 4928K, used 2K [0x03e00000, 0x04350000, 0x09350000)
  eden space 4416K,   0% used [0x03e00000, 0x03e00000, 0x04250000)
  from space 512K,   0% used [0x042d0000, 0x042d0940, 0x04350000)
  to   space 512K,   0% used [0x04250000, 0x04250000, 0x042d0000)
 tenured generation   total 10944K, used 7946K [0x09350000, 0x09e00000, 0x13e00000)
   the space 10944K,  72% used [0x09350000, 0x09b12b08, 0x09b12c00, 0x09e00000)
 Metaspace       used 8464K, capacity 8636K, committed 8704K, reserved 9600K
}

Deoptimization events (0 events):
No events

Classes redefined (0 events):
No events

Internal exceptions (10 events):
Event: 0.054 Thread 0x0061c400 Exception <a 'java/lang/NoSuchMethodError': Method sun.misc.Unsafe.defineClass(Ljava/lang/String;[BII)Ljava/lang/Class; name or signature does not match> (0x03e06ea8) thrown at [C:\re\workspace\8-2-build-windows-i586-cygwin\jdk8u171\10807\hotspot\src\shar
Event: 0.054 Thread 0x0061c400 Exception <a 'java/lang/NoSuchMethodError': Method sun.misc.Unsafe.prefetchRead(Ljava/lang/Object;J)V name or signature does not match> (0x03e07178) thrown at [C:\re\workspace\8-2-build-windows-i586-cygwin\jdk8u171\10807\hotspot\src\share\vm\prims\jni.cpp
Event: 0.226 Thread 0x0061c400 Exception <a 'java/security/PrivilegedActionException'> (0x03e9c190) thrown at [C:\re\workspace\8-2-build-windows-i586-cygwin\jdk8u171\10807\hotspot\src\share\vm\prims\jvm.cpp, line 1435]
Event: 0.226 Thread 0x0061c400 Exception <a 'java/security/PrivilegedActionException'> (0x03e9c390) thrown at [C:\re\workspace\8-2-build-windows-i586-cygwin\jdk8u171\10807\hotspot\src\share\vm\prims\jvm.cpp, line 1435]
Event: 0.229 Thread 0x0061c400 Exception <a 'java/security/PrivilegedActionException'> (0x03e9fe38) thrown at [C:\re\workspace\8-2-build-windows-i586-cygwin\jdk8u171\10807\hotspot\src\share\vm\prims\jvm.cpp, line 1435]
Event: 0.229 Thread 0x0061c400 Exception <a 'java/security/PrivilegedActionException'> (0x03ea0038) thrown at [C:\re\workspace\8-2-build-windows-i586-cygwin\jdk8u171\10807\hotspot\src\share\vm\prims\jvm.cpp, line 1435]
Event: 0.238 Thread 0x0061c400 Exception <a 'java/io/FileNotFoundException'> (0x03ea43d0) thrown at [C:\re\workspace\8-2-build-windows-i586-cygwin\jdk8u171\10807\hotspot\src\share\vm\prims\jni.cpp, line 709]
Event: 0.307 Thread 0x0061c400 Exception <a 'java/lang/NoSuchFieldError': method resolution failed> (0x03f62c30) thrown at [C:\re\workspace\8-2-build-windows-i586-cygwin\jdk8u171\10807\hotspot\src\share\vm\prims\methodHandles.cpp, line 1167]
Event: 0.308 Thread 0x0061c400 Exception <a 'java/lang/NoSuchFieldError': method resolution failed> (0x03f6edd0) thrown at [C:\re\workspace\8-2-build-windows-i586-cygwin\jdk8u171\10807\hotspot\src\share\vm\prims\methodHandles.cpp, line 1167]
Event: 0.373 Thread 0x0061c400 Exception <a 'java/io/FileNotFoundException'> (0x03ff84c8) thrown at [C:\re\workspace\8-2-build-windows-i586-cygwin\jdk8u171\10807\hotspot\src\share\vm\prims\jni.cpp, line 709]

Events (10 events):
Event: 127.280 Executing VM operation: GenCollectForAllocation
Event: 127.281 Executing VM operation: GenCollectForAllocation done
Event: 127.909 Executing VM operation: GenCollectForAllocation
Event: 127.910 Executing VM operation: GenCollectForAllocation done
Event: 128.268 loading class sun/misc/Signal$1
Event: 128.268 loading class sun/misc/Signal$1 done
Event: 128.268 Thread 0x1527e800 Thread added: 0x1527e800
Event: 128.269 Thread 0x15219c00 Thread added: 0x15219c00
Event: 128.269 Thread 0x1521a000 Thread added: 0x1521a000
Event: 128.270 Thread 0x1521a000 Thread exited: 0x1521a000


Dynamic libraries:
0x010a0000 - 0x010d3000 	C:\Program Files\Java\jdk1.8.0_171\bin\java.exe
0x776f0000 - 0x7782c000 	C:\Windows\SYSTEM32\ntdll.dll
0x76700000 - 0x767d4000 	C:\Windows\system32\kernel32.dll
0x759a0000 - 0x759ea000 	C:\Windows\system32\KERNELBASE.dll
0x76460000 - 0x76500000 	C:\Windows\system32\ADVAPI32.dll
0x75f00000 - 0x75fac000 	C:\Windows\system32\msvcrt.dll
0x77840000 - 0x77859000 	C:\Windows\SYSTEM32\sechost.dll
0x75fb0000 - 0x76051000 	C:\Windows\system32\RPCRT4.dll
0x77480000 - 0x77549000 	C:\Windows\system32\USER32.dll
0x77430000 - 0x7747e000 	C:\Windows\system32\GDI32.dll
0x77830000 - 0x7783a000 	C:\Windows\system32\LPK.dll
0x75cf0000 - 0x75d8d000 	C:\Windows\system32\USP10.dll
0x747a0000 - 0x7493e000 	C:\Windows\WinSxS\x86_microsoft.windows.common-controls_6595b64144ccf1df_6.0.7600.16385_none_421189da2b7fabfc\COMCTL32.dll
0x762f0000 - 0x76347000 	C:\Windows\system32\SHLWAPI.dll
0x75b40000 - 0x75b5f000 	C:\Windows\system32\IMM32.DLL
0x75e30000 - 0x75efc000 	C:\Windows\system32\MSCTF.dll
0x6b350000 - 0x6b37c000 	c:\progra~1\netpro~1\Zvfort32.dll
0x76350000 - 0x763df000 	C:\Windows\system32\OLEAUT32.dll
0x76160000 - 0x762bc000 	C:\Windows\system32\ole32.dll
0x71770000 - 0x71813000 	C:\Windows\WinSxS\x86_microsoft.vc90.crt_1fc8b3b9a1e18e3b_9.0.30729.7523_none_508f21ccbcbbb7a8\MSVCR90.dll
0x72dd0000 - 0x72e8f000 	C:\Program Files\Java\jdk1.8.0_171\jre\bin\msvcr100.dll
0x5e6a0000 - 0x5ea71000 	C:\Program Files\Java\jdk1.8.0_171\jre\bin\client\jvm.dll
0x74960000 - 0x74967000 	C:\Windows\system32\WSOCK32.dll
0x77880000 - 0x778b5000 	C:\Windows\system32\WS2_32.dll
0x75d90000 - 0x75d96000 	C:\Windows\system32\NSI.dll
0x718c0000 - 0x718f2000 	C:\Windows\system32\WINMM.dll
0x74d40000 - 0x74d49000 	C:\Windows\system32\VERSION.dll
0x77860000 - 0x77865000 	C:\Windows\system32\PSAPI.DLL
0x73730000 - 0x7373c000 	C:\Program Files\Java\jdk1.8.0_171\jre\bin\verify.dll
0x736b0000 - 0x736d2000 	C:\Program Files\Java\jdk1.8.0_171\jre\bin\java.dll
0x73710000 - 0x73724000 	C:\Program Files\Java\jdk1.8.0_171\jre\bin\zip.dll
0x767e0000 - 0x77429000 	C:\Windows\system32\SHELL32.dll
0x75840000 - 0x7584b000 	C:\Windows\system32\profapi.dll
0x723f0000 - 0x72535000 	C:\Program Files\Java\jdk1.8.0_171\jre\bin\awt.dll
0x73f00000 - 0x73f13000 	C:\Windows\system32\DWMAPI.DLL
0x725c0000 - 0x72688000 	C:\Windows\system32\opengl32.dll
0x729a0000 - 0x729c2000 	C:\Windows\system32\GLU32.dll
0x5fbe0000 - 0x5fcc7000 	C:\Windows\system32\DDRAW.dll
0x6d360000 - 0x6d366000 	C:\Windows\system32\DCIMAN32.dll
0x77550000 - 0x776ed000 	C:\Windows\system32\SETUPAPI.dll
0x758c0000 - 0x758e7000 	C:\Windows\system32\CFGMGR32.dll
0x758f0000 - 0x75902000 	C:\Windows\system32\DEVOBJ.dll
0x74620000 - 0x74660000 	C:\Windows\system32\uxtheme.dll
0x75790000 - 0x7579c000 	C:\Windows\system32\CRYPTBASE.dll
0x735e0000 - 0x73606000 	C:\Program Files\Java\jdk1.8.0_171\jre\bin\jpeg.dll
0x72960000 - 0x72999000 	C:\Program Files\Java\jdk1.8.0_171\jre\bin\fontmanager.dll
0x75da0000 - 0x75e23000 	C:\Windows\system32\CLBCatQ.DLL
0x73d90000 - 0x73e8b000 	C:\Windows\system32\WindowsCodecs.dll
0x75740000 - 0x7578b000 	C:\Windows\system32\apphelp.dll
0x714f0000 - 0x71521000 	C:\Windows\system32\EhStorShell.dll
0x74520000 - 0x74615000 	C:\Windows\system32\PROPSYS.dll
0x661c0000 - 0x663dd000 	C:\PROGRA~1\MICROS~2\Office12\GR469A~1.DLL
0x68ef0000 - 0x68fe1000 	C:\PROGRA~1\MICROS~2\Office12\GrooveUtil.DLL
0x76060000 - 0x76154000 	C:\Windows\system32\WININET.dll
0x77870000 - 0x77873000 	C:\Windows\system32\Normaliz.dll
0x75b60000 - 0x75c95000 	C:\Windows\system32\urlmon.dll
0x75a20000 - 0x75b3c000 	C:\Windows\system32\CRYPT32.dll
0x758b0000 - 0x758bc000 	C:\Windows\system32\MSASN1.dll
0x76500000 - 0x766f9000 	C:\Windows\system32\iertutil.dll
0x71820000 - 0x718bb000 	C:\Windows\WinSxS\x86_microsoft.vc80.crt_1fc8b3b9a1e18e3b_8.0.50727.6229_none_d089f796442de10e\MSVCR80.dll
0x68ff0000 - 0x68ff7000 	C:\PROGRA~1\MICROS~2\Office12\GrooveNew.DLL
0x70df0000 - 0x70e0b000 	C:\Windows\WinSxS\x86_microsoft.vc80.atl_1fc8b3b9a1e18e3b_8.0.50727.6229_none_d1c3b2e2435ad752\ATL80.DLL
0x752c0000 - 0x752d6000 	C:\Windows\system32\CRYPTSP.dll
0x75060000 - 0x7509b000 	C:\Windows\system32\rsaenh.dll
0x70530000 - 0x70535000 	C:\Windows\system32\MSImg32.dll
0x704c0000 - 0x7052a000 	C:\Windows\System32\cscui.dll
0x704b0000 - 0x704b9000 	C:\Windows\System32\CSCDLL.dll
0x704a0000 - 0x704ab000 	C:\Windows\system32\CSCAPI.dll
0x70430000 - 0x7049f000 	C:\Windows\system32\ntshrui.dll
0x754b0000 - 0x754c9000 	C:\Windows\system32\srvcli.dll
0x73f20000 - 0x73f2a000 	C:\Windows\system32\slc.dll
0x72db0000 - 0x72dc5000 	C:\Program Files\Java\jdk1.8.0_171\jre\bin\net.dll
0x75280000 - 0x752bc000 	C:\Windows\system32\mswsock.dll
0x75270000 - 0x75276000 	C:\Windows\System32\wship6.dll
0x735d0000 - 0x735df000 	C:\Program Files\Java\jdk1.8.0_171\jre\bin\nio.dll
0x72920000 - 0x72952000 	C:\Program Files\Java\jdk1.8.0_171\jre\bin\t2k.dll
0x74dd0000 - 0x74dd5000 	C:\Windows\System32\wshtcpip.dll
0x75140000 - 0x75184000 	C:\Windows\system32\DNSAPI.dll
0x73d20000 - 0x73d3c000 	C:\Windows\system32\IPHLPAPI.DLL
0x73d10000 - 0x73d17000 	C:\Windows\system32\WINNSI.DLL
0x72100000 - 0x72106000 	C:\Windows\system32\rasadhlp.dll
0x73c10000 - 0x73c48000 	C:\Windows\System32\fwpuclnt.dll
0x6c420000 - 0x6c50b000 	C:\Windows\system32\dbghelp.dll

VM Arguments:
java_command: RM.RM
java_class_path (initial): .
Launcher Type: SUN_STANDARD

Environment Variables:
PATH=C:\Program Files\Common Files\Oracle\Java\javapath;C:\Windows\system32;C:\Windows;C:\Windows\System32\Wbem;C:\Windows\System32\WindowsPowerShell\v1.0\;C:\Program Files\Microsoft SQL Server\100\Tools\Binn\;C:\Program Files\Microsoft SQL Server\100\DTS\Binn\;C:\Program Files\Java\jdk1.8.0_171\bin
USERNAME=SANJAY
OS=Windows_NT
PROCESSOR_IDENTIFIER=x86 Family 6 Model 23 Stepping 6, GenuineIntel



---------------  S Y S T E M  ---------------

OS: Windows 7 Build 7600 (6.1.7600.16385)

CPU:total 2 (initial active 2) (2 cores per cpu, 1 threads per core) family 6 model 23 stepping 6, cmov, cx8, fxsr, mmx, sse, sse2, sse3, ssse3, tsc

Memory: 4k page, physical 3135800k(977884k free), swap 6269836k(4149252k free)

vm_info: Java HotSpot(TM) Client VM (25.171-b11) for windows-x86 JRE (1.8.0_171-b11), built on Mar 28 2018 14:51:22 by "java_re" with MS VC++ 10.0 (VS2010)

time: Thu Oct 10 20:04:42 2019
elapsed time: 128 seconds (0d 0h 2m 8s)

