#
# A fatal error has been detected by the Java Runtime Environment:
#
#  EXCEPTION_ACCESS_VIOLATION (0xc0000005) at pc=0x68be7396, pid=2144, tid=0x00000908
#
# JRE version: Java(TM) SE Runtime Environment (8.0_171-b11) (build 1.8.0_171-b11)
# Java VM: Java HotSpot(TM) Client VM (25.171-b11 mixed mode windows-x86 )
# Problematic frame:
# C  [awt.dll+0xa7396]
#
# Failed to write core dump. Minidumps are not enabled by default on client versions of Windows
#
# If you would like to submit a bug report, please visit:
#   http://bugreport.java.com/bugreport/crash.jsp
# The crash happened outside the Java Virtual Machine in native code.
# See problematic frame for where to report the bug.
#

---------------  T H R E A D  ---------------

Current thread (0x143e1000):  JavaThread "AWT-Windows" daemon [_thread_in_native, id=2312, stack(0x14ae0000,0x14b30000)]

siginfo: ExceptionCode=0xc0000005, reading address 0x00000000

Registers:
EAX=0x00000000, EBX=0x143e1140, ECX=0x000000a0, EDX=0x00000000
ESP=0x14b2f1cc, EBP=0x14b2f1fc, ESI=0x15322e44, EDI=0x000000f0
EIP=0x68be7396, EFLAGS=0x00010206

Top of Stack: (sp=0x14b2f1cc)
0x14b2f1cc:   b9670dec 14b2f278 00009824 00000000
0x14b2f1dc:   0008026a 00000000 143e1140 14b2f25c
0x14b2f1ec:   14b2f1cc 14b2f290 68bf81b8 00000001
0x14b2f1fc:   14b2f228 77ab86ef 0008026a 00009824
0x14b2f20c:   15322e44 00f000a0 00009824 dcbaabcd
0x14b2f21c:   00000000 14b2f278 00009824 14b2f2a0
0x14b2f22c:   77ab8876 68be6b80 0008026a 00009824
0x14b2f23c:   15322e44 00f000a0 b9016fce 00000000 

Instructions: (pc=0x68be7396)
0x68be7376:   75 10 8b 0b 8b 81 94 01 00 00 52 56 53 ff d0 8b
0x68be7386:   4d 14 8b f9 c1 ef 10 0f bf ff 0f bf c9 89 55 e4
0x68be7396:   8b 10 8b 92 28 01 00 00 57 51 8b c8 ff d2 8b 03
0x68be73a6:   8b 48 58 56 53 ff d1 8b 13 8b 42 50 6a 00 53 c6 


Register to memory mapping:

EAX=0x00000000 is an unknown value
EBX=0x143e1140 is an unknown value
ECX=0x000000a0 is an unknown value
EDX=0x00000000 is an unknown value
ESP=0x14b2f1cc is pointing into the stack for thread: 0x143e1000
EBP=0x14b2f1fc is pointing into the stack for thread: 0x143e1000
ESI=0x15322e44 is a global jni handle
EDI=0x000000f0 is an unknown value


Stack: [0x14ae0000,0x14b30000],  sp=0x14b2f1cc,  free space=316k
Native frames: (J=compiled Java code, j=interpreted, Vv=VM code, C=native code)
C  [awt.dll+0xa7396]
C  [USER32.dll+0x186ef]
C  [USER32.dll+0x18876]
C  [USER32.dll+0x170f4]
C  [USER32.dll+0x1738f]
C  [ntdll.dll+0x4642e]
C  [awt.dll+0xa668d]

Java frames: (J=compiled Java code, j=interpreted, Vv=VM code)
j  sun.awt.windows.WToolkit.eventLoop()V+0
j  sun.awt.windows.WToolkit.run()V+58
j  java.lang.Thread.run()V+11
v  ~StubRoutines::call_stub

---------------  P R O C E S S  ---------------

Java Threads: ( => current thread )
  0x1556f400 JavaThread "Thread-0" daemon [_thread_in_native, id=3468, stack(0x16440000,0x16490000)]
  0x1556e800 JavaThread "SIGINT handler" daemon [_thread_blocked, id=724, stack(0x164f0000,0x16540000)]
  0x1547c800 JavaThread "Abandoned connection cleanup thread" daemon [_thread_blocked, id=920, stack(0x16090000,0x160e0000)]
  0x153c8800 JavaThread "TimerQueue" daemon [_thread_blocked, id=5344, stack(0x16040000,0x16090000)]
  0x01c9c400 JavaThread "DestroyJavaVM" [_thread_blocked, id=3608, stack(0x01bd0000,0x01c20000)]
  0x1445dc00 JavaThread "AWT-EventQueue-0" [_thread_in_native, id=3848, stack(0x15240000,0x15290000)]
=>0x143e1000 JavaThread "AWT-Windows" daemon [_thread_in_native, id=2312, stack(0x14ae0000,0x14b30000)]
  0x143dfc00 JavaThread "AWT-Shutdown" [_thread_blocked, id=2060, stack(0x146b0000,0x14700000)]
  0x143dd000 JavaThread "Java2D Disposer" daemon [_thread_blocked, id=5456, stack(0x14a40000,0x14a90000)]
  0x142b3000 JavaThread "Service Thread" daemon [_thread_blocked, id=6124, stack(0x14600000,0x14650000)]
  0x142bd400 JavaThread "C1 CompilerThread0" daemon [_thread_blocked, id=5820, stack(0x14480000,0x144d0000)]
  0x142bc400 JavaThread "Attach Listener" daemon [_thread_blocked, id=3060, stack(0x14570000,0x145c0000)]
  0x142b9400 JavaThread "Signal Dispatcher" daemon [_thread_blocked, id=4596, stack(0x14660000,0x146b0000)]
  0x14297c00 JavaThread "Finalizer" daemon [_thread_blocked, id=4044, stack(0x03db0000,0x03e00000)]
  0x14273000 JavaThread "Reference Handler" daemon [_thread_blocked, id=5712, stack(0x01c40000,0x01c90000)]

Other Threads:
  0x1426c800 VMThread [stack: 0x144f0000,0x14540000] [id=3784]
  0x142b3c00 WatcherThread [stack: 0x14760000,0x147b0000] [id=1552]

VM state:not at safepoint (normal execution)

VM Mutex/Monitor currently owned by a thread: None

Heap:
 def new generation   total 4928K, used 494K [0x03e00000, 0x04350000, 0x09350000)
  eden space 4416K,  11% used [0x03e00000, 0x03e7b5a8, 0x04250000)
  from space 512K,   0% used [0x04250000, 0x04250390, 0x042d0000)
  to   space 512K,   0% used [0x042d0000, 0x042d0000, 0x04350000)
 tenured generation   total 10944K, used 10415K [0x09350000, 0x09e00000, 0x13e00000)
   the space 10944K,  95% used [0x09350000, 0x09d7bfd8, 0x09d7c000, 0x09e00000)
 Metaspace       used 8835K, capacity 9039K, committed 9088K, reserved 9600K

Card table byte_map: [0x01ab0000,0x01b40000] byte_map_base: 0x01a91000

Polling page: 0x002d0000

CodeCache: size=32768Kb used=2007Kb max_used=2007Kb free=30760Kb
 bounds [0x01ca0000, 0x01e98000, 0x03ca0000]
 total_blobs=1212 nmethods=975 adapters=168
 compilation: enabled

Compilation events (10 events):
Event: 35.276 Thread 0x142bd400  975             java.util.Arrays::copyOf (13 bytes)
Event: 35.276 Thread 0x142bd400 nmethod 975 0x01e93c88 code [0x01e93d80, 0x01e93e0c]
Event: 35.328 Thread 0x142bd400  976   !         java.net.AbstractPlainSocketImpl::acquireFD (29 bytes)
Event: 35.329 Thread 0x142bd400 nmethod 976 0x01e93e88 code [0x01e93f80, 0x01e94180]
Event: 35.329 Thread 0x142bd400  977   !         java.net.AbstractPlainSocketImpl::releaseFD (74 bytes)
Event: 35.330 Thread 0x142bd400 nmethod 977 0x01e94208 code [0x01e94320, 0x01e945fc]
Event: 35.401 Thread 0x142bd400  978             com.mysql.jdbc.StringUtils::indexOfIgnoreCaseRespectMarker (188 bytes)
Event: 35.403 Thread 0x142bd400 nmethod 978 0x01e94748 code [0x01e94930, 0x01e94f48]
Event: 35.420 Thread 0x142bd400  979             com.mysql.jdbc.SingleByteCharsetConverter::toString (53 bytes)
Event: 35.421 Thread 0x142bd400 nmethod 979 0x01e95a88 code [0x01e95ba0, 0x01e95e8c]

GC Heap History (10 events):
Event: 45.110 GC heap before
{Heap before GC invocations=63 (full 0):
 def new generation   total 4928K, used 4417K [0x03e00000, 0x04350000, 0x09350000)
  eden space 4416K, 100% used [0x03e00000, 0x04250000, 0x04250000)
  from space 512K,   0% used [0x042d0000, 0x042d05b0, 0x04350000)
  to   space 512K,   0% used [0x04250000, 0x04250000, 0x042d0000)
 tenured generation   total 10944K, used 10415K [0x09350000, 0x09e00000, 0x13e00000)
   the space 10944K,  95% used [0x09350000, 0x09d7bfd8, 0x09d7c000, 0x09e00000)
 Metaspace       used 8834K, capacity 9039K, committed 9088K, reserved 9600K
Event: 45.111 GC heap after
Heap after GC invocations=64 (full 0):
 def new generation   total 4928K, used 1K [0x03e00000, 0x04350000, 0x09350000)
  eden space 4416K,   0% used [0x03e00000, 0x03e00000, 0x04250000)
  from space 512K,   0% used [0x04250000, 0x04250538, 0x042d0000)
  to   space 512K,   0% used [0x042d0000, 0x042d0000, 0x04350000)
 tenured generation   total 10944K, used 10415K [0x09350000, 0x09e00000, 0x13e00000)
   the space 10944K,  95% used [0x09350000, 0x09d7bfd8, 0x09d7c000, 0x09e00000)
 Metaspace       used 8834K, capacity 9039K, committed 9088K, reserved 9600K
}
Event: 45.687 GC heap before
{Heap before GC invocations=64 (full 0):
 def new generation   total 4928K, used 4417K [0x03e00000, 0x04350000, 0x09350000)
  eden space 4416K, 100% used [0x03e00000, 0x04250000, 0x04250000)
  from space 512K,   0% used [0x04250000, 0x04250538, 0x042d0000)
  to   space 512K,   0% used [0x042d0000, 0x042d0000, 0x04350000)
 tenured generation   total 10944K, used 10415K [0x09350000, 0x09e00000, 0x13e00000)
   the space 10944K,  95% used [0x09350000, 0x09d7bfd8, 0x09d7c000, 0x09e00000)
 Metaspace       used 8834K, capacity 9039K, committed 9088K, reserved 9600K
Event: 45.687 GC heap after
Heap after GC invocations=65 (full 0):
 def new generation   total 4928K, used 1K [0x03e00000, 0x04350000, 0x09350000)
  eden space 4416K,   0% used [0x03e00000, 0x03e00000, 0x04250000)
  from space 512K,   0% used [0x042d0000, 0x042d0440, 0x04350000)
  to   space 512K,   0% used [0x04250000, 0x04250000, 0x042d0000)
 tenured generation   total 10944K, used 10415K [0x09350000, 0x09e00000, 0x13e00000)
   the space 10944K,  95% used [0x09350000, 0x09d7bfd8, 0x09d7c000, 0x09e00000)
 Metaspace       used 8834K, capacity 9039K, committed 9088K, reserved 9600K
}
Event: 46.269 GC heap before
{Heap before GC invocations=65 (full 0):
 def new generation   total 4928K, used 4417K [0x03e00000, 0x04350000, 0x09350000)
  eden space 4416K, 100% used [0x03e00000, 0x04250000, 0x04250000)
  from space 512K,   0% used [0x042d0000, 0x042d0440, 0x04350000)
  to   space 512K,   0% used [0x04250000, 0x04250000, 0x042d0000)
 tenured generation   total 10944K, used 10415K [0x09350000, 0x09e00000, 0x13e00000)
   the space 10944K,  95% used [0x09350000, 0x09d7bfd8, 0x09d7c000, 0x09e00000)
 Metaspace       used 8834K, capacity 9039K, committed 9088K, reserved 9600K
Event: 46.270 GC heap after
Heap after GC invocations=66 (full 0):
 def new generation   total 4928K, used 0K [0x03e00000, 0x04350000, 0x09350000)
  eden space 4416K,   0% used [0x03e00000, 0x03e00000, 0x04250000)
  from space 512K,   0% used [0x04250000, 0x04250348, 0x042d0000)
  to   space 512K,   0% used [0x042d0000, 0x042d0000, 0x04350000)
 tenured generation   total 10944K, used 10415K [0x09350000, 0x09e00000, 0x13e00000)
   the space 10944K,  95% used [0x09350000, 0x09d7bfd8, 0x09d7c000, 0x09e00000)
 Metaspace       used 8834K, capacity 9039K, committed 9088K, reserved 9600K
}
Event: 46.867 GC heap before
{Heap before GC invocations=66 (full 0):
 def new generation   total 4928K, used 4416K [0x03e00000, 0x04350000, 0x09350000)
  eden space 4416K, 100% used [0x03e00000, 0x04250000, 0x04250000)
  from space 512K,   0% used [0x04250000, 0x04250348, 0x042d0000)
  to   space 512K,   0% used [0x042d0000, 0x042d0000, 0x04350000)
 tenured generation   total 10944K, used 10415K [0x09350000, 0x09e00000, 0x13e00000)
   the space 10944K,  95% used [0x09350000, 0x09d7bfd8, 0x09d7c000, 0x09e00000)
 Metaspace       used 8834K, capacity 9039K, committed 9088K, reserved 9600K
Event: 46.868 GC heap after
Heap after GC invocations=67 (full 0):
 def new generation   total 4928K, used 0K [0x03e00000, 0x04350000, 0x09350000)
  eden space 4416K,   0% used [0x03e00000, 0x03e00000, 0x04250000)
  from space 512K,   0% used [0x042d0000, 0x042d03d8, 0x04350000)
  to   space 512K,   0% used [0x04250000, 0x04250000, 0x042d0000)
 tenured generation   total 10944K, used 10415K [0x09350000, 0x09e00000, 0x13e00000)
   the space 10944K,  95% used [0x09350000, 0x09d7bfd8, 0x09d7c000, 0x09e00000)
 Metaspace       used 8834K, capacity 9039K, committed 9088K, reserved 9600K
}
Event: 47.458 GC heap before
{Heap before GC invocations=67 (full 0):
 def new generation   total 4928K, used 4416K [0x03e00000, 0x04350000, 0x09350000)
  eden space 4416K, 100% used [0x03e00000, 0x04250000, 0x04250000)
  from space 512K,   0% used [0x042d0000, 0x042d03d8, 0x04350000)
  to   space 512K,   0% used [0x04250000, 0x04250000, 0x042d0000)
 tenured generation   total 10944K, used 10415K [0x09350000, 0x09e00000, 0x13e00000)
   the space 10944K,  95% used [0x09350000, 0x09d7bfd8, 0x09d7c000, 0x09e00000)
 Metaspace       used 8834K, capacity 9039K, committed 9088K, reserved 9600K
Event: 47.459 GC heap after
Heap after GC invocations=68 (full 0):
 def new generation   total 4928K, used 0K [0x03e00000, 0x04350000, 0x09350000)
  eden space 4416K,   0% used [0x03e00000, 0x03e00000, 0x04250000)
  from space 512K,   0% used [0x04250000, 0x04250390, 0x042d0000)
  to   space 512K,   0% used [0x042d0000, 0x042d0000, 0x04350000)
 tenured generation   total 10944K, used 10415K [0x09350000, 0x09e00000, 0x13e00000)
   the space 10944K,  95% used [0x09350000, 0x09d7bfd8, 0x09d7c000, 0x09e00000)
 Metaspace       used 8834K, capacity 9039K, committed 9088K, reserved 9600K
}

Deoptimization events (0 events):
No events

Classes redefined (0 events):
No events

Internal exceptions (10 events):
Event: 35.296 Thread 0x1445dc00 Exception <a 'java/lang/ArrayIndexOutOfBoundsException': 5> (0x041ac960) thrown at [C:\re\workspace\8-2-build-windows-i586-cygwin\jdk8u171\10807\hotspot\src\share\vm\interpreter\interpreterRuntime.cpp, line 366]
Event: 35.313 Thread 0x1445dc00 Exception <a 'java/lang/ArrayIndexOutOfBoundsException': 5> (0x041e6a38) thrown at [C:\re\workspace\8-2-build-windows-i586-cygwin\jdk8u171\10807\hotspot\src\share\vm\interpreter\interpreterRuntime.cpp, line 366]
Event: 35.329 Thread 0x1445dc00 Exception <a 'java/lang/ArrayIndexOutOfBoundsException': 5> (0x04220b40) thrown at [C:\re\workspace\8-2-build-windows-i586-cygwin\jdk8u171\10807\hotspot\src\share\vm\interpreter\interpreterRuntime.cpp, line 366]
Event: 35.361 Thread 0x1445dc00 Exception <a 'java/lang/ArrayIndexOutOfBoundsException': 5> (0x03e0ad00) thrown at [C:\re\workspace\8-2-build-windows-i586-cygwin\jdk8u171\10807\hotspot\src\share\vm\interpreter\interpreterRuntime.cpp, line 366]
Event: 35.380 Thread 0x1445dc00 Exception <a 'java/lang/ArrayIndexOutOfBoundsException': 5> (0x03e489d8) thrown at [C:\re\workspace\8-2-build-windows-i586-cygwin\jdk8u171\10807\hotspot\src\share\vm\interpreter\interpreterRuntime.cpp, line 366]
Event: 35.400 Thread 0x1445dc00 Exception <a 'java/lang/ArrayIndexOutOfBoundsException': 5> (0x03e82bf8) thrown at [C:\re\workspace\8-2-build-windows-i586-cygwin\jdk8u171\10807\hotspot\src\share\vm\interpreter\interpreterRuntime.cpp, line 366]
Event: 35.420 Thread 0x1445dc00 Exception <a 'java/lang/ArrayIndexOutOfBoundsException': 5> (0x03ebcbd8) thrown at [C:\re\workspace\8-2-build-windows-i586-cygwin\jdk8u171\10807\hotspot\src\share\vm\interpreter\interpreterRuntime.cpp, line 366]
Event: 35.537 Thread 0x1445dc00 Exception <a 'java/lang/ArrayIndexOutOfBoundsException': 5> (0x03f9e288) thrown at [C:\re\workspace\8-2-build-windows-i586-cygwin\jdk8u171\10807\hotspot\src\share\vm\interpreter\interpreterRuntime.cpp, line 366]
Event: 35.556 Thread 0x1445dc00 Exception <a 'java/lang/ArrayIndexOutOfBoundsException': 5> (0x03fd84b0) thrown at [C:\re\workspace\8-2-build-windows-i586-cygwin\jdk8u171\10807\hotspot\src\share\vm\interpreter\interpreterRuntime.cpp, line 366]
Event: 35.576 Thread 0x1445dc00 Exception <a 'java/lang/ArrayIndexOutOfBoundsException': 5> (0x040127d8) thrown at [C:\re\workspace\8-2-build-windows-i586-cygwin\jdk8u171\10807\hotspot\src\share\vm\interpreter\interpreterRuntime.cpp, line 366]

Events (10 events):
Event: 46.270 Executing VM operation: GenCollectForAllocation done
Event: 46.867 Executing VM operation: GenCollectForAllocation
Event: 46.868 Executing VM operation: GenCollectForAllocation done
Event: 47.458 Executing VM operation: GenCollectForAllocation
Event: 47.459 Executing VM operation: GenCollectForAllocation done
Event: 47.500 loading class sun/misc/Signal$1
Event: 47.500 loading class sun/misc/Signal$1 done
Event: 47.500 Thread 0x1556e800 Thread added: 0x1556e800
Event: 47.501 Thread 0x1556ec00 Thread added: 0x1556ec00
Event: 47.501 Thread 0x1556f400 Thread added: 0x1556f400


Dynamic libraries:
0x00e70000 - 0x00ea3000 	C:\Program Files\Java\jdk1.8.0_171\bin\java.exe
0x77d10000 - 0x77e4c000 	C:\Windows\SYSTEM32\ntdll.dll
0x77570000 - 0x77644000 	C:\Windows\system32\kernel32.dll
0x76110000 - 0x7615a000 	C:\Windows\system32\KERNELBASE.dll
0x77370000 - 0x77410000 	C:\Windows\system32\ADVAPI32.dll
0x77410000 - 0x774bc000 	C:\Windows\system32\msvcrt.dll
0x772b0000 - 0x772c9000 	C:\Windows\SYSTEM32\sechost.dll
0x774c0000 - 0x77561000 	C:\Windows\system32\RPCRT4.dll
0x77aa0000 - 0x77b69000 	C:\Windows\system32\USER32.dll
0x77eb0000 - 0x77efe000 	C:\Windows\system32\GDI32.dll
0x77e60000 - 0x77e6a000 	C:\Windows\system32\LPK.dll
0x772d0000 - 0x7736d000 	C:\Windows\system32\USP10.dll
0x74df0000 - 0x74f8e000 	C:\Windows\WinSxS\x86_microsoft.windows.common-controls_6595b64144ccf1df_6.0.7600.16385_none_421189da2b7fabfc\COMCTL32.dll
0x77220000 - 0x77277000 	C:\Windows\system32\SHLWAPI.dll
0x77280000 - 0x7729f000 	C:\Windows\system32\IMM32.DLL
0x77870000 - 0x7793c000 	C:\Windows\system32\MSCTF.dll
0x6b8a0000 - 0x6b8cc000 	c:\progra~1\netpro~1\Zvfort32.dll
0x77190000 - 0x7721f000 	C:\Windows\system32\OLEAUT32.dll
0x77940000 - 0x77a9c000 	C:\Windows\system32\ole32.dll
0x71b50000 - 0x71bf3000 	C:\Windows\WinSxS\x86_microsoft.vc90.crt_1fc8b3b9a1e18e3b_9.0.30729.7523_none_508f21ccbcbbb7a8\MSVCR90.dll
0x729c0000 - 0x72a7f000 	C:\Program Files\Java\jdk1.8.0_171\jre\bin\msvcr100.dll
0x680d0000 - 0x684a1000 	C:\Program Files\Java\jdk1.8.0_171\jre\bin\client\jvm.dll
0x74b80000 - 0x74b87000 	C:\Windows\system32\WSOCK32.dll
0x77f00000 - 0x77f35000 	C:\Windows\system32\WS2_32.dll
0x77e70000 - 0x77e76000 	C:\Windows\system32\NSI.dll
0x71ee0000 - 0x71f12000 	C:\Windows\system32\WINMM.dll
0x75360000 - 0x75369000 	C:\Windows\system32\VERSION.dll
0x77e50000 - 0x77e55000 	C:\Windows\system32\PSAPI.DLL
0x74b90000 - 0x74b9c000 	C:\Program Files\Java\jdk1.8.0_171\jre\bin\verify.dll
0x73ce0000 - 0x73d02000 	C:\Program Files\Java\jdk1.8.0_171\jre\bin\java.dll
0x73bd0000 - 0x73be4000 	C:\Program Files\Java\jdk1.8.0_171\jre\bin\zip.dll
0x763f0000 - 0x77039000 	C:\Windows\system32\SHELL32.dll
0x75e60000 - 0x75e6b000 	C:\Windows\system32\profapi.dll
0x68b40000 - 0x68c85000 	C:\Program Files\Java\jdk1.8.0_171\jre\bin\awt.dll
0x74530000 - 0x74543000 	C:\Windows\system32\DWMAPI.DLL
0x6a8d0000 - 0x6a998000 	C:\Windows\system32\opengl32.dll
0x73890000 - 0x738b2000 	C:\Windows\system32\GLU32.dll
0x72e90000 - 0x72f77000 	C:\Windows\system32\DDRAW.dll
0x74d60000 - 0x74d66000 	C:\Windows\system32\DCIMAN32.dll
0x776d0000 - 0x7786d000 	C:\Windows\system32\SETUPAPI.dll
0x76090000 - 0x760b7000 	C:\Windows\system32\CFGMGR32.dll
0x760c0000 - 0x760d2000 	C:\Windows\system32\DEVOBJ.dll
0x74a90000 - 0x74ad0000 	C:\Windows\system32\uxtheme.dll
0x75db0000 - 0x75dbc000 	C:\Windows\system32\CRYPTBASE.dll
0x738c0000 - 0x738e6000 	C:\Program Files\Java\jdk1.8.0_171\jre\bin\jpeg.dll
0x72e10000 - 0x72e49000 	C:\Program Files\Java\jdk1.8.0_171\jre\bin\fontmanager.dll
0x76360000 - 0x763e3000 	C:\Windows\system32\CLBCatQ.DLL
0x74380000 - 0x7447b000 	C:\Windows\system32\WindowsCodecs.dll
0x75d60000 - 0x75dab000 	C:\Windows\system32\apphelp.dll
0x03d60000 - 0x03d91000 	C:\Windows\system32\EhStorShell.dll
0x74bd0000 - 0x74cc5000 	C:\Windows\system32\PROPSYS.dll
0x661c0000 - 0x663dd000 	C:\PROGRA~1\MICROS~2\Office12\GR469A~1.DLL
0x68ef0000 - 0x68fe1000 	C:\PROGRA~1\MICROS~2\Office12\GrooveUtil.DLL
0x77090000 - 0x77184000 	C:\Windows\system32\WININET.dll
0x772a0000 - 0x772a3000 	C:\Windows\system32\Normaliz.dll
0x77bd0000 - 0x77d05000 	C:\Windows\system32\urlmon.dll
0x75ee0000 - 0x75ffc000 	C:\Windows\system32\CRYPT32.dll
0x75ed0000 - 0x75edc000 	C:\Windows\system32\MSASN1.dll
0x76160000 - 0x76359000 	C:\Windows\system32\iertutil.dll
0x71e40000 - 0x71edb000 	C:\Windows\WinSxS\x86_microsoft.vc80.crt_1fc8b3b9a1e18e3b_8.0.50727.6229_none_d089f796442de10e\MSVCR80.dll
0x68ff0000 - 0x68ff7000 	C:\PROGRA~1\MICROS~2\Office12\GrooveNew.DLL
0x71480000 - 0x7149b000 	C:\Windows\WinSxS\x86_microsoft.vc80.atl_1fc8b3b9a1e18e3b_8.0.50727.6229_none_d1c3b2e2435ad752\ATL80.DLL
0x758e0000 - 0x758f6000 	C:\Windows\system32\CRYPTSP.dll
0x75680000 - 0x756bb000 	C:\Windows\system32\rsaenh.dll
0x710f0000 - 0x710f5000 	C:\Windows\system32\MSImg32.dll
0x70ae0000 - 0x70b4a000 	C:\Windows\System32\cscui.dll
0x70ad0000 - 0x70ad9000 	C:\Windows\System32\CSCDLL.dll
0x70ac0000 - 0x70acb000 	C:\Windows\system32\CSCAPI.dll
0x70a50000 - 0x70abf000 	C:\Windows\system32\ntshrui.dll
0x75ad0000 - 0x75ae9000 	C:\Windows\system32\srvcli.dll
0x74550000 - 0x7455a000 	C:\Windows\system32\slc.dll
0x72e70000 - 0x72e85000 	C:\Program Files\Java\jdk1.8.0_171\jre\bin\net.dll
0x758a0000 - 0x758dc000 	C:\Windows\system32\mswsock.dll
0x75890000 - 0x75896000 	C:\Windows\System32\wship6.dll
0x73bc0000 - 0x73bcf000 	C:\Program Files\Java\jdk1.8.0_171\jre\bin\nio.dll
0x72980000 - 0x729b2000 	C:\Program Files\Java\jdk1.8.0_171\jre\bin\t2k.dll
0x753f0000 - 0x753f5000 	C:\Windows\System32\wshtcpip.dll
0x75760000 - 0x757a4000 	C:\Windows\system32\DNSAPI.dll
0x74340000 - 0x7435c000 	C:\Windows\system32\IPHLPAPI.DLL
0x74330000 - 0x74337000 	C:\Windows\system32\WINNSI.DLL
0x727d0000 - 0x727d6000 	C:\Windows\system32\rasadhlp.dll
0x74220000 - 0x74258000 	C:\Windows\System32\fwpuclnt.dll
0x6bd80000 - 0x6be6b000 	C:\Windows\system32\dbghelp.dll

VM Arguments:
java_command: RM.RM
java_class_path (initial): .
Launcher Type: SUN_STANDARD

Environment Variables:
PATH=C:\Program Files\Common Files\Oracle\Java\javapath;C:\Windows\system32;C:\Windows;C:\Windows\System32\Wbem;C:\Windows\System32\WindowsPowerShell\v1.0\;C:\Program Files\Microsoft SQL Server\100\Tools\Binn\;C:\Program Files\Microsoft SQL Server\100\DTS\Binn\;C:\Program Files\Java\jdk1.8.0_171\bin
USERNAME=SANJAY
OS=Windows_NT
PROCESSOR_IDENTIFIER=x86 Family 6 Model 23 Stepping 6, GenuineIntel



---------------  S Y S T E M  ---------------

OS: Windows 7 Build 7600 (6.1.7600.16385)

CPU:total 2 (initial active 2) (2 cores per cpu, 1 threads per core) family 6 model 23 stepping 6, cmov, cx8, fxsr, mmx, sse, sse2, sse3, ssse3, tsc

Memory: 4k page, physical 3135800k(1012052k free), swap 6269836k(4114460k free)

vm_info: Java HotSpot(TM) Client VM (25.171-b11) for windows-x86 JRE (1.8.0_171-b11), built on Mar 28 2018 14:51:22 by "java_re" with MS VC++ 10.0 (VS2010)

time: Sun Oct 13 00:53:33 2019
elapsed time: 47 seconds (0d 0h 0m 47s)

