#
# A fatal error has been detected by the Java Runtime Environment:
#
#  EXCEPTION_ACCESS_VIOLATION (0xc0000005) at pc=0x6ccb7396, pid=2668, tid=0x00001598
#
# JRE version: Java(TM) SE Runtime Environment (8.0_171-b11) (build 1.8.0_171-b11)
# Java VM: Java HotSpot(TM) Client VM (25.171-b11 mixed mode windows-x86 )
# Problematic frame:
# C  [awt.dll+0xa7396]
#
# Failed to write core dump. Minidumps are not enabled by default on client versions of Windows
#
# If you would like to submit a bug report, please visit:
#   http://bugreport.java.com/bugreport/crash.jsp
# The crash happened outside the Java Virtual Machine in native code.
# See problematic frame for where to report the bug.
#

---------------  T H R E A D  ---------------

Current thread (0x141ca000):  JavaThread "AWT-Windows" daemon [_thread_in_native, id=5528, stack(0x14940000,0x14990000)]

siginfo: ExceptionCode=0xc0000005, reading address 0x00000000

Registers:
EAX=0x00000000, EBX=0x141ca140, ECX=0x000000b4, EDX=0x00000000
ESP=0x1498f29c, EBP=0x1498f2cc, ESI=0x140707d4, EDI=0x00000148
EIP=0x6ccb7396, EFLAGS=0x00010206

Top of Stack: (sp=0x1498f29c)
0x1498f29c:   4e148e9e 1498f348 00009824 00000000
0x1498f2ac:   00410284 00000000 141ca140 1498f32c
0x1498f2bc:   1498f29c 1498f360 6ccc81b8 00000001
0x1498f2cc:   1498f2f8 772786ef 00410284 00009824
0x1498f2dc:   140707d4 014800b4 00009824 dcbaabcd
0x1498f2ec:   00000000 1498f348 00009824 1498f370
0x1498f2fc:   77278876 6ccb6b80 00410284 00009824
0x1498f30c:   140707d4 014800b4 4e07070e 00000000 

Instructions: (pc=0x6ccb7396)
0x6ccb7376:   75 10 8b 0b 8b 81 94 01 00 00 52 56 53 ff d0 8b
0x6ccb7386:   4d 14 8b f9 c1 ef 10 0f bf ff 0f bf c9 89 55 e4
0x6ccb7396:   8b 10 8b 92 28 01 00 00 57 51 8b c8 ff d2 8b 03
0x6ccb73a6:   8b 48 58 56 53 ff d1 8b 13 8b 42 50 6a 00 53 c6 


Register to memory mapping:

EAX=0x00000000 is an unknown value
EBX=0x141ca140 is an unknown value
ECX=0x000000b4 is an unknown value
EDX=0x00000000 is an unknown value
ESP=0x1498f29c is pointing into the stack for thread: 0x141ca000
EBP=0x1498f2cc is pointing into the stack for thread: 0x141ca000
ESI=0x140707d4 is a global jni handle
EDI=0x00000148 is an unknown value


Stack: [0x14940000,0x14990000],  sp=0x1498f29c,  free space=316k
Native frames: (J=compiled Java code, j=interpreted, Vv=VM code, C=native code)
C  [awt.dll+0xa7396]
C  [USER32.dll+0x186ef]
C  [USER32.dll+0x18876]
C  [USER32.dll+0x170f4]
C  [USER32.dll+0x1738f]
C  [ntdll.dll+0x4642e]
C  [awt.dll+0xa668d]

Java frames: (J=compiled Java code, j=interpreted, Vv=VM code)
j  sun.awt.windows.WToolkit.eventLoop()V+0
j  sun.awt.windows.WToolkit.run()V+58
j  java.lang.Thread.run()V+11
v  ~StubRoutines::call_stub

---------------  P R O C E S S  ---------------

Java Threads: ( => current thread )
  0x15364400 JavaThread "Thread-0" daemon [_thread_in_native, id=4472, stack(0x14ce0000,0x14d30000)]
  0x15363800 JavaThread "SIGINT handler" daemon [_thread_blocked, id=4320, stack(0x14f10000,0x14f60000)]
  0x1531f800 JavaThread "Abandoned connection cleanup thread" daemon [_thread_blocked, id=2680, stack(0x16030000,0x16080000)]
  0x152aec00 JavaThread "TimerQueue" daemon [_thread_blocked, id=3860, stack(0x15c20000,0x15c70000)]
  0x0022c400 JavaThread "DestroyJavaVM" [_thread_blocked, id=1520, stack(0x01b80000,0x01bd0000)]
  0x15248c00 JavaThread "AWT-EventQueue-0" [_thread_in_native, id=5672, stack(0x158b0000,0x15900000)]
=>0x141ca000 JavaThread "AWT-Windows" daemon [_thread_in_native, id=5528, stack(0x14940000,0x14990000)]
  0x141c8c00 JavaThread "AWT-Shutdown" [_thread_blocked, id=5060, stack(0x14a50000,0x14aa0000)]
  0x141c6000 JavaThread "Java2D Disposer" daemon [_thread_blocked, id=5436, stack(0x149c0000,0x14a10000)]
  0x140b0800 JavaThread "Service Thread" daemon [_thread_blocked, id=3508, stack(0x14700000,0x14750000)]
  0x140bd400 JavaThread "C1 CompilerThread0" daemon [_thread_blocked, id=704, stack(0x146a0000,0x146f0000)]
  0x140bc400 JavaThread "Attach Listener" daemon [_thread_blocked, id=5084, stack(0x144c0000,0x14510000)]
  0x140b9400 JavaThread "Signal Dispatcher" daemon [_thread_blocked, id=4364, stack(0x14630000,0x14680000)]
  0x14097c00 JavaThread "Finalizer" daemon [_thread_blocked, id=6092, stack(0x14270000,0x142c0000)]
  0x14073000 JavaThread "Reference Handler" daemon [_thread_blocked, id=5328, stack(0x14470000,0x144c0000)]

Other Threads:
  0x1406c800 VMThread [stack: 0x14350000,0x143a0000] [id=4700]
  0x140b1800 WatcherThread [stack: 0x14790000,0x147e0000] [id=5464]

VM state:not at safepoint (normal execution)

VM Mutex/Monitor currently owned by a thread: None

Heap:
 def new generation   total 4928K, used 134K [0x03c00000, 0x04150000, 0x09150000)
  eden space 4416K,   3% used [0x03c00000, 0x03c214d8, 0x04050000)
  from space 512K,   0% used [0x040d0000, 0x040d0710, 0x04150000)
  to   space 512K,   0% used [0x04050000, 0x04050000, 0x040d0000)
 tenured generation   total 10944K, used 9252K [0x09150000, 0x09c00000, 0x13c00000)
   the space 10944K,  84% used [0x09150000, 0x09a59208, 0x09a59400, 0x09c00000)
 Metaspace       used 9097K, capacity 9330K, committed 9472K, reserved 9600K

Card table byte_map: [0x01a00000,0x01a90000] byte_map_base: 0x019e2000

Polling page: 0x00210000

CodeCache: size=32768Kb used=1672Kb max_used=1672Kb free=31095Kb
 bounds [0x01bd0000, 0x01d78000, 0x03bd0000]
 total_blobs=980 nmethods=738 adapters=174
 compilation: enabled

Compilation events (10 events):
Event: 81.959 Thread 0x140bd400  739   !         java.awt.Window::getInputContext (36 bytes)
Event: 81.959 Thread 0x140bd400 nmethod 739 0x01d6fc48 code [0x01d6fd50, 0x01d7001c]
Event: 81.960 Thread 0x140bd400  740             sun.awt.im.InputContext::dispatchEvent (173 bytes)
Event: 81.961 Thread 0x140bd400 nmethod 740 0x01d701c8 code [0x01d703d0, 0x01d70cfc]
Event: 81.961 Thread 0x140bd400  741  s          sun.awt.im.InputContext::getInputMethod (34 bytes)
Event: 81.961 Thread 0x140bd400 nmethod 741 0x01d71348 code [0x01d71450, 0x01d716dc]
Event: 83.159 Thread 0x140bd400  742             sun.awt.windows.WInputMethod::dispatchEvent (66 bytes)
Event: 83.159 Thread 0x140bd400 nmethod 742 0x01d71788 code [0x01d718a0, 0x01d71a68]
Event: 229.330 Thread 0x140bd400  743   !         java.lang.ref.ReferenceQueue::remove (125 bytes)
Event: 229.331 Thread 0x140bd400 nmethod 743 0x01d71b88 code [0x01d71cd0, 0x01d72190]

GC Heap History (10 events):
Event: 420.896 GC heap before
{Heap before GC invocations=460 (full 0):
 def new generation   total 4928K, used 4417K [0x03c00000, 0x04150000, 0x09150000)
  eden space 4416K, 100% used [0x03c00000, 0x04050000, 0x04050000)
  from space 512K,   0% used [0x04050000, 0x04050578, 0x040d0000)
  to   space 512K,   0% used [0x040d0000, 0x040d0000, 0x04150000)
 tenured generation   total 10944K, used 9252K [0x09150000, 0x09c00000, 0x13c00000)
   the space 10944K,  84% used [0x09150000, 0x09a59208, 0x09a59400, 0x09c00000)
 Metaspace       used 9096K, capacity 9330K, committed 9472K, reserved 9600K
Event: 420.897 GC heap after
Heap after GC invocations=461 (full 0):
 def new generation   total 4928K, used 1K [0x03c00000, 0x04150000, 0x09150000)
  eden space 4416K,   0% used [0x03c00000, 0x03c00000, 0x04050000)
  from space 512K,   0% used [0x040d0000, 0x040d0450, 0x04150000)
  to   space 512K,   0% used [0x04050000, 0x04050000, 0x040d0000)
 tenured generation   total 10944K, used 9252K [0x09150000, 0x09c00000, 0x13c00000)
   the space 10944K,  84% used [0x09150000, 0x09a59208, 0x09a59400, 0x09c00000)
 Metaspace       used 9096K, capacity 9330K, committed 9472K, reserved 9600K
}
Event: 421.755 GC heap before
{Heap before GC invocations=461 (full 0):
 def new generation   total 4928K, used 4417K [0x03c00000, 0x04150000, 0x09150000)
  eden space 4416K, 100% used [0x03c00000, 0x04050000, 0x04050000)
  from space 512K,   0% used [0x040d0000, 0x040d0450, 0x04150000)
  to   space 512K,   0% used [0x04050000, 0x04050000, 0x040d0000)
 tenured generation   total 10944K, used 9252K [0x09150000, 0x09c00000, 0x13c00000)
   the space 10944K,  84% used [0x09150000, 0x09a59208, 0x09a59400, 0x09c00000)
 Metaspace       used 9096K, capacity 9330K, committed 9472K, reserved 9600K
Event: 421.756 GC heap after
Heap after GC invocations=462 (full 0):
 def new generation   total 4928K, used 1K [0x03c00000, 0x04150000, 0x09150000)
  eden space 4416K,   0% used [0x03c00000, 0x03c00000, 0x04050000)
  from space 512K,   0% used [0x04050000, 0x04050438, 0x040d0000)
  to   space 512K,   0% used [0x040d0000, 0x040d0000, 0x04150000)
 tenured generation   total 10944K, used 9252K [0x09150000, 0x09c00000, 0x13c00000)
   the space 10944K,  84% used [0x09150000, 0x09a59208, 0x09a59400, 0x09c00000)
 Metaspace       used 9096K, capacity 9330K, committed 9472K, reserved 9600K
}
Event: 422.554 GC heap before
{Heap before GC invocations=462 (full 0):
 def new generation   total 4928K, used 4417K [0x03c00000, 0x04150000, 0x09150000)
  eden space 4416K, 100% used [0x03c00000, 0x04050000, 0x04050000)
  from space 512K,   0% used [0x04050000, 0x04050438, 0x040d0000)
  to   space 512K,   0% used [0x040d0000, 0x040d0000, 0x04150000)
 tenured generation   total 10944K, used 9252K [0x09150000, 0x09c00000, 0x13c00000)
   the space 10944K,  84% used [0x09150000, 0x09a59208, 0x09a59400, 0x09c00000)
 Metaspace       used 9096K, capacity 9330K, committed 9472K, reserved 9600K
Event: 422.555 GC heap after
Heap after GC invocations=463 (full 0):
 def new generation   total 4928K, used 1K [0x03c00000, 0x04150000, 0x09150000)
  eden space 4416K,   0% used [0x03c00000, 0x03c00000, 0x04050000)
  from space 512K,   0% used [0x040d0000, 0x040d0410, 0x04150000)
  to   space 512K,   0% used [0x04050000, 0x04050000, 0x040d0000)
 tenured generation   total 10944K, used 9252K [0x09150000, 0x09c00000, 0x13c00000)
   the space 10944K,  84% used [0x09150000, 0x09a59208, 0x09a59400, 0x09c00000)
 Metaspace       used 9096K, capacity 9330K, committed 9472K, reserved 9600K
}
Event: 423.314 GC heap before
{Heap before GC invocations=463 (full 0):
 def new generation   total 4928K, used 4417K [0x03c00000, 0x04150000, 0x09150000)
  eden space 4416K, 100% used [0x03c00000, 0x04050000, 0x04050000)
  from space 512K,   0% used [0x040d0000, 0x040d0410, 0x04150000)
  to   space 512K,   0% used [0x04050000, 0x04050000, 0x040d0000)
 tenured generation   total 10944K, used 9252K [0x09150000, 0x09c00000, 0x13c00000)
   the space 10944K,  84% used [0x09150000, 0x09a59208, 0x09a59400, 0x09c00000)
 Metaspace       used 9096K, capacity 9330K, committed 9472K, reserved 9600K
Event: 423.315 GC heap after
Heap after GC invocations=464 (full 0):
 def new generation   total 4928K, used 1K [0x03c00000, 0x04150000, 0x09150000)
  eden space 4416K,   0% used [0x03c00000, 0x03c00000, 0x04050000)
  from space 512K,   0% used [0x04050000, 0x04050438, 0x040d0000)
  to   space 512K,   0% used [0x040d0000, 0x040d0000, 0x04150000)
 tenured generation   total 10944K, used 9252K [0x09150000, 0x09c00000, 0x13c00000)
   the space 10944K,  84% used [0x09150000, 0x09a59208, 0x09a59400, 0x09c00000)
 Metaspace       used 9096K, capacity 9330K, committed 9472K, reserved 9600K
}
Event: 423.969 GC heap before
{Heap before GC invocations=464 (full 0):
 def new generation   total 4928K, used 4417K [0x03c00000, 0x04150000, 0x09150000)
  eden space 4416K, 100% used [0x03c00000, 0x04050000, 0x04050000)
  from space 512K,   0% used [0x04050000, 0x04050438, 0x040d0000)
  to   space 512K,   0% used [0x040d0000, 0x040d0000, 0x04150000)
 tenured generation   total 10944K, used 9252K [0x09150000, 0x09c00000, 0x13c00000)
   the space 10944K,  84% used [0x09150000, 0x09a59208, 0x09a59400, 0x09c00000)
 Metaspace       used 9097K, capacity 9330K, committed 9472K, reserved 9600K
Event: 423.970 GC heap after
Heap after GC invocations=465 (full 0):
 def new generation   total 4928K, used 1K [0x03c00000, 0x04150000, 0x09150000)
  eden space 4416K,   0% used [0x03c00000, 0x03c00000, 0x04050000)
  from space 512K,   0% used [0x040d0000, 0x040d0710, 0x04150000)
  to   space 512K,   0% used [0x04050000, 0x04050000, 0x040d0000)
 tenured generation   total 10944K, used 9252K [0x09150000, 0x09c00000, 0x13c00000)
   the space 10944K,  84% used [0x09150000, 0x09a59208, 0x09a59400, 0x09c00000)
 Metaspace       used 9097K, capacity 9330K, committed 9472K, reserved 9600K
}

Deoptimization events (0 events):
No events

Classes redefined (0 events):
No events

Internal exceptions (10 events):
Event: 0.035 Thread 0x0022c400 Exception <a 'java/lang/NoSuchMethodError': Method sun.misc.Unsafe.defineClass(Ljava/lang/String;[BII)Ljava/lang/Class; name or signature does not match> (0x03c06ea8) thrown at [C:\re\workspace\8-2-build-windows-i586-cygwin\jdk8u171\10807\hotspot\src\shar
Event: 0.035 Thread 0x0022c400 Exception <a 'java/lang/NoSuchMethodError': Method sun.misc.Unsafe.prefetchRead(Ljava/lang/Object;J)V name or signature does not match> (0x03c07178) thrown at [C:\re\workspace\8-2-build-windows-i586-cygwin\jdk8u171\10807\hotspot\src\share\vm\prims\jni.cpp
Event: 0.134 Thread 0x0022c400 Exception <a 'java/security/PrivilegedActionException'> (0x03c9c268) thrown at [C:\re\workspace\8-2-build-windows-i586-cygwin\jdk8u171\10807\hotspot\src\share\vm\prims\jvm.cpp, line 1435]
Event: 0.134 Thread 0x0022c400 Exception <a 'java/security/PrivilegedActionException'> (0x03c9c468) thrown at [C:\re\workspace\8-2-build-windows-i586-cygwin\jdk8u171\10807\hotspot\src\share\vm\prims\jvm.cpp, line 1435]
Event: 0.138 Thread 0x0022c400 Exception <a 'java/security/PrivilegedActionException'> (0x03c9ff10) thrown at [C:\re\workspace\8-2-build-windows-i586-cygwin\jdk8u171\10807\hotspot\src\share\vm\prims\jvm.cpp, line 1435]
Event: 0.138 Thread 0x0022c400 Exception <a 'java/security/PrivilegedActionException'> (0x03ca0110) thrown at [C:\re\workspace\8-2-build-windows-i586-cygwin\jdk8u171\10807\hotspot\src\share\vm\prims\jvm.cpp, line 1435]
Event: 0.147 Thread 0x0022c400 Exception <a 'java/io/FileNotFoundException'> (0x03ca44a8) thrown at [C:\re\workspace\8-2-build-windows-i586-cygwin\jdk8u171\10807\hotspot\src\share\vm\prims\jni.cpp, line 709]
Event: 0.194 Thread 0x0022c400 Exception <a 'java/lang/NoSuchFieldError': method resolution failed> (0x03d63238) thrown at [C:\re\workspace\8-2-build-windows-i586-cygwin\jdk8u171\10807\hotspot\src\share\vm\prims\methodHandles.cpp, line 1167]
Event: 0.196 Thread 0x0022c400 Exception <a 'java/lang/NoSuchFieldError': method resolution failed> (0x03d6f3d8) thrown at [C:\re\workspace\8-2-build-windows-i586-cygwin\jdk8u171\10807\hotspot\src\share\vm\prims\methodHandles.cpp, line 1167]
Event: 0.245 Thread 0x0022c400 Exception <a 'java/io/FileNotFoundException'> (0x03df8e30) thrown at [C:\re\workspace\8-2-build-windows-i586-cygwin\jdk8u171\10807\hotspot\src\share\vm\prims\jni.cpp, line 709]

Events (10 events):
Event: 423.314 Executing VM operation: GenCollectForAllocation
Event: 423.315 Executing VM operation: GenCollectForAllocation done
Event: 423.647 loading class sun/misc/Signal$1
Event: 423.647 loading class sun/misc/Signal$1 done
Event: 423.647 Thread 0x15363800 Thread added: 0x15363800
Event: 423.654 Thread 0x15363c00 Thread added: 0x15363c00
Event: 423.654 Thread 0x15364400 Thread added: 0x15364400
Event: 423.683 Thread 0x15363c00 Thread exited: 0x15363c00
Event: 423.897 Executing VM operation: GenCollectForAllocation
Event: 423.970 Executing VM operation: GenCollectForAllocation done


Dynamic libraries:
0x00040000 - 0x00073000 	C:\Program Files\Java\jdk1.8.0_171\bin\java.exe
0x77c60000 - 0x77d9c000 	C:\Windows\SYSTEM32\ntdll.dll
0x76300000 - 0x763d4000 	C:\Windows\system32\kernel32.dll
0x75e30000 - 0x75e7a000 	C:\Windows\system32\KERNELBASE.dll
0x77900000 - 0x779a0000 	C:\Windows\system32\ADVAPI32.dll
0x779a0000 - 0x77a4c000 	C:\Windows\system32\msvcrt.dll
0x77da0000 - 0x77db9000 	C:\Windows\SYSTEM32\sechost.dll
0x77b80000 - 0x77c21000 	C:\Windows\system32\RPCRT4.dll
0x77260000 - 0x77329000 	C:\Windows\system32\USER32.dll
0x77a50000 - 0x77a9e000 	C:\Windows\system32\GDI32.dll
0x76220000 - 0x7622a000 	C:\Windows\system32\LPK.dll
0x76260000 - 0x762fd000 	C:\Windows\system32\USP10.dll
0x74d40000 - 0x74ede000 	C:\Windows\WinSxS\x86_microsoft.windows.common-controls_6595b64144ccf1df_6.0.7600.16385_none_421189da2b7fabfc\COMCTL32.dll
0x778a0000 - 0x778f7000 	C:\Windows\system32\SHLWAPI.dll
0x76230000 - 0x7624f000 	C:\Windows\system32\IMM32.DLL
0x77dc0000 - 0x77e8c000 	C:\Windows\system32\MSCTF.dll
0x6b940000 - 0x6b96c000 	c:\progra~1\netpro~1\Zvfort32.dll
0x77af0000 - 0x77b7f000 	C:\Windows\system32\OLEAUT32.dll
0x77740000 - 0x7789c000 	C:\Windows\system32\ole32.dll
0x71ce0000 - 0x71d83000 	C:\Windows\WinSxS\x86_microsoft.vc90.crt_1fc8b3b9a1e18e3b_9.0.30729.7523_none_508f21ccbcbbb7a8\MSVCR90.dll
0x6cd60000 - 0x6ce1f000 	C:\Program Files\Java\jdk1.8.0_171\jre\bin\msvcr100.dll
0x5f920000 - 0x5fcf1000 	C:\Program Files\Java\jdk1.8.0_171\jre\bin\client\jvm.dll
0x74ca0000 - 0x74ca7000 	C:\Windows\system32\WSOCK32.dll
0x77500000 - 0x77535000 	C:\Windows\system32\WS2_32.dll
0x760b0000 - 0x760b6000 	C:\Windows\system32\NSI.dll
0x71e30000 - 0x71e62000 	C:\Windows\system32\WINMM.dll
0x752b0000 - 0x752b9000 	C:\Windows\system32\VERSION.dll
0x76250000 - 0x76255000 	C:\Windows\system32\PSAPI.DLL
0x74cb0000 - 0x74cbc000 	C:\Program Files\Java\jdk1.8.0_171\jre\bin\verify.dll
0x73e00000 - 0x73e22000 	C:\Program Files\Java\jdk1.8.0_171\jre\bin\java.dll
0x740a0000 - 0x740b4000 	C:\Program Files\Java\jdk1.8.0_171\jre\bin\zip.dll
0x763f0000 - 0x77039000 	C:\Windows\system32\SHELL32.dll
0x75db0000 - 0x75dbb000 	C:\Windows\system32\profapi.dll
0x6cc10000 - 0x6cd55000 	C:\Program Files\Java\jdk1.8.0_171\jre\bin\awt.dll
0x745d0000 - 0x745e3000 	C:\Windows\system32\DWMAPI.DLL
0x6cb40000 - 0x6cc08000 	C:\Windows\system32\opengl32.dll
0x73dd0000 - 0x73df2000 	C:\Windows\system32\GLU32.dll
0x606b0000 - 0x60797000 	C:\Windows\system32\DDRAW.dll
0x69480000 - 0x69486000 	C:\Windows\system32\DCIMAN32.dll
0x77040000 - 0x771dd000 	C:\Windows\system32\SETUPAPI.dll
0x76050000 - 0x76077000 	C:\Windows\system32\CFGMGR32.dll
0x75e80000 - 0x75e92000 	C:\Windows\system32\DEVOBJ.dll
0x74bc0000 - 0x74c00000 	C:\Windows\system32\uxtheme.dll
0x75d90000 - 0x75d9c000 	C:\Windows\system32\CRYPTBASE.dll
0x738c0000 - 0x738e6000 	C:\Program Files\Java\jdk1.8.0_171\jre\bin\jpeg.dll
0x73880000 - 0x738b9000 	C:\Program Files\Java\jdk1.8.0_171\jre\bin\fontmanager.dll
0x72e10000 - 0x72e25000 	C:\Program Files\Java\jdk1.8.0_171\jre\bin\net.dll
0x757f0000 - 0x7582c000 	C:\Windows\system32\mswsock.dll
0x757e0000 - 0x757e6000 	C:\Windows\System32\wship6.dll
0x73dc0000 - 0x73dcf000 	C:\Program Files\Java\jdk1.8.0_171\jre\bin\nio.dll
0x6cb00000 - 0x6cb32000 	C:\Program Files\Java\jdk1.8.0_171\jre\bin\t2k.dll
0x77330000 - 0x773b3000 	C:\Windows\system32\CLBCatQ.DLL
0x742d0000 - 0x743cb000 	C:\Windows\system32\WindowsCodecs.dll
0x75cb0000 - 0x75cfb000 	C:\Windows\system32\apphelp.dll
0x719e0000 - 0x71a11000 	C:\Windows\system32\EhStorShell.dll
0x74aa0000 - 0x74b95000 	C:\Windows\system32\PROPSYS.dll
0x661c0000 - 0x663dd000 	C:\PROGRA~1\MICROS~2\Office12\GR469A~1.DLL
0x68ef0000 - 0x68fe1000 	C:\PROGRA~1\MICROS~2\Office12\GrooveUtil.DLL
0x76120000 - 0x76214000 	C:\Windows\system32\WININET.dll
0x763e0000 - 0x763e3000 	C:\Windows\system32\Normaliz.dll
0x773c0000 - 0x774f5000 	C:\Windows\system32\urlmon.dll
0x75f30000 - 0x7604c000 	C:\Windows\system32\CRYPT32.dll
0x75e20000 - 0x75e2c000 	C:\Windows\system32\MSASN1.dll
0x77540000 - 0x77739000 	C:\Windows\system32\iertutil.dll
0x71d90000 - 0x71e2b000 	C:\Windows\WinSxS\x86_microsoft.vc80.crt_1fc8b3b9a1e18e3b_8.0.50727.6229_none_d089f796442de10e\MSVCR80.dll
0x68ff0000 - 0x68ff7000 	C:\PROGRA~1\MICROS~2\Office12\GrooveNew.DLL
0x71400000 - 0x7141b000 	C:\Windows\WinSxS\x86_microsoft.vc80.atl_1fc8b3b9a1e18e3b_8.0.50727.6229_none_d1c3b2e2435ad752\ATL80.DLL
0x75830000 - 0x75846000 	C:\Windows\system32\CRYPTSP.dll
0x755d0000 - 0x7560b000 	C:\Windows\system32\rsaenh.dll
0x70aa0000 - 0x70aa5000 	C:\Windows\system32\MSImg32.dll
0x70a30000 - 0x70a9a000 	C:\Windows\System32\cscui.dll
0x70a20000 - 0x70a29000 	C:\Windows\System32\CSCDLL.dll
0x70a10000 - 0x70a1b000 	C:\Windows\system32\CSCAPI.dll
0x709a0000 - 0x70a0f000 	C:\Windows\system32\ntshrui.dll
0x75a20000 - 0x75a39000 	C:\Windows\system32\srvcli.dll
0x74450000 - 0x7445a000 	C:\Windows\system32\slc.dll
0x75340000 - 0x75345000 	C:\Windows\System32\wshtcpip.dll
0x756b0000 - 0x756f4000 	C:\Windows\system32\DNSAPI.dll
0x74290000 - 0x742ac000 	C:\Windows\system32\IPHLPAPI.DLL
0x74250000 - 0x74257000 	C:\Windows\system32\WINNSI.DLL
0x72720000 - 0x72726000 	C:\Windows\system32\rasadhlp.dll
0x741c0000 - 0x741f8000 	C:\Windows\System32\fwpuclnt.dll
0x6c930000 - 0x6ca1b000 	C:\Windows\system32\dbghelp.dll

VM Arguments:
java_command: MR.MR
java_class_path (initial): .
Launcher Type: SUN_STANDARD

Environment Variables:
PATH=C:\Program Files\Common Files\Oracle\Java\javapath;C:\Windows\system32;C:\Windows;C:\Windows\System32\Wbem;C:\Windows\System32\WindowsPowerShell\v1.0\;C:\Program Files\Microsoft SQL Server\100\Tools\Binn\;C:\Program Files\Microsoft SQL Server\100\DTS\Binn\;C:\Program Files\Java\jdk1.8.0_171\bin
USERNAME=SANJAY
OS=Windows_NT
PROCESSOR_IDENTIFIER=x86 Family 6 Model 23 Stepping 6, GenuineIntel



---------------  S Y S T E M  ---------------

OS: Windows 7 Build 7600 (6.1.7600.16385)

CPU:total 2 (initial active 2) (2 cores per cpu, 1 threads per core) family 6 model 23 stepping 6, cmov, cx8, fxsr, mmx, sse, sse2, sse3, ssse3, tsc

Memory: 4k page, physical 3135800k(1181756k free), swap 6269836k(4269068k free)

vm_info: Java HotSpot(TM) Client VM (25.171-b11) for windows-x86 JRE (1.8.0_171-b11), built on Mar 28 2018 14:51:22 by "java_re" with MS VC++ 10.0 (VS2010)

time: Sat Oct 12 19:19:28 2019
elapsed time: 424 seconds (0d 0h 7m 4s)

