#
# A fatal error has been detected by the Java Runtime Environment:
#
#  EXCEPTION_ACCESS_VIOLATION (0xc0000005) at pc=0x72527396, pid=704, tid=0x00000680
#
# JRE version: Java(TM) SE Runtime Environment (8.0_171-b11) (build 1.8.0_171-b11)
# Java VM: Java HotSpot(TM) Client VM (25.171-b11 mixed mode windows-x86 )
# Problematic frame:
# C  [awt.dll+0xa7396]
#
# Failed to write core dump. Minidumps are not enabled by default on client versions of Windows
#
# If you would like to submit a bug report, please visit:
#   http://bugreport.java.com/bugreport/crash.jsp
# The crash happened outside the Java Virtual Machine in native code.
# See problematic frame for where to report the bug.
#

---------------  T H R E A D  ---------------

Current thread (0x141da000):  JavaThread "AWT-Windows" daemon [_thread_in_native, id=1664, stack(0x14930000,0x14980000)]

siginfo: ExceptionCode=0xc0000005, reading address 0x00000000

Registers:
EAX=0x00000000, EBX=0x141da140, ECX=0x000000aa, EDX=0x00000000
ESP=0x1497f44c, EBP=0x1497f47c, ESI=0x14071270, EDI=0x00000118
EIP=0x72527396, EFLAGS=0x00010206

Top of Stack: (sp=0x1497f44c)
0x1497f44c:   b2ba4340 1497f4f8 00009824 00000000
0x1497f45c:   001a02e8 00000000 141da140 1497f4dc
0x1497f46c:   1497f44c 1497f510 725381b8 00000001
0x1497f47c:   1497f4a8 774986ef 001a02e8 00009824
0x1497f48c:   14071270 011800aa 00009824 dcbaabcd
0x1497f49c:   00000000 1497f4f8 00009824 1497f520
0x1497f4ac:   77498876 72526b80 001a02e8 00009824
0x1497f4bc:   14071270 011800aa b2d12224 00000000 

Instructions: (pc=0x72527396)
0x72527376:   75 10 8b 0b 8b 81 94 01 00 00 52 56 53 ff d0 8b
0x72527386:   4d 14 8b f9 c1 ef 10 0f bf ff 0f bf c9 89 55 e4
0x72527396:   8b 10 8b 92 28 01 00 00 57 51 8b c8 ff d2 8b 03
0x725273a6:   8b 48 58 56 53 ff d1 8b 13 8b 42 50 6a 00 53 c6 


Register to memory mapping:

EAX=0x00000000 is an unknown value
EBX=0x141da140 is an unknown value
ECX=0x000000aa is an unknown value
EDX=0x00000000 is an unknown value
ESP=0x1497f44c is pointing into the stack for thread: 0x141da000
EBP=0x1497f47c is pointing into the stack for thread: 0x141da000
ESI=0x14071270 is a global jni handle
EDI=0x00000118 is an unknown value


Stack: [0x14930000,0x14980000],  sp=0x1497f44c,  free space=317k
Native frames: (J=compiled Java code, j=interpreted, Vv=VM code, C=native code)
C  [awt.dll+0xa7396]
C  [USER32.dll+0x186ef]
C  [USER32.dll+0x18876]
C  [USER32.dll+0x170f4]
C  [USER32.dll+0x1738f]
C  [ntdll.dll+0x4642e]
C  [awt.dll+0xa668d]

Java frames: (J=compiled Java code, j=interpreted, Vv=VM code)
j  sun.awt.windows.WToolkit.eventLoop()V+0
j  sun.awt.windows.WToolkit.run()V+58
j  java.lang.Thread.run()V+11
v  ~StubRoutines::call_stub

---------------  P R O C E S S  ---------------

Java Threads: ( => current thread )
  0x15456000 JavaThread "Thread-0" daemon [_thread_in_native, id=1036, stack(0x16490000,0x164e0000)]
  0x15455800 JavaThread "SIGINT handler" daemon [_thread_blocked, id=2376, stack(0x162f0000,0x16340000)]
  0x152dd400 JavaThread "Abandoned connection cleanup thread" daemon [_thread_blocked, id=5396, stack(0x15f20000,0x15f70000)]
  0x152a7800 JavaThread "TimerQueue" daemon [_thread_blocked, id=5584, stack(0x15eb0000,0x15f00000)]
  0x01bec400 JavaThread "DestroyJavaVM" [_thread_blocked, id=3700, stack(0x012b0000,0x01300000)]
  0x15208c00 JavaThread "AWT-EventQueue-0" [_thread_in_native, id=5956, stack(0x15600000,0x15650000)]
=>0x141da000 JavaThread "AWT-Windows" daemon [_thread_in_native, id=1664, stack(0x14930000,0x14980000)]
  0x141d9800 JavaThread "AWT-Shutdown" [_thread_blocked, id=5160, stack(0x149e0000,0x14a30000)]
  0x141d6c00 JavaThread "Java2D Disposer" daemon [_thread_blocked, id=5420, stack(0x14350000,0x143a0000)]
  0x140dec00 JavaThread "Service Thread" daemon [_thread_blocked, id=3764, stack(0x145f0000,0x14640000)]
  0x140bd400 JavaThread "C1 CompilerThread0" daemon [_thread_blocked, id=2088, stack(0x14690000,0x146e0000)]
  0x140bc400 JavaThread "Attach Listener" daemon [_thread_blocked, id=5048, stack(0x14450000,0x144a0000)]
  0x140b9400 JavaThread "Signal Dispatcher" daemon [_thread_blocked, id=4596, stack(0x14640000,0x14690000)]
  0x14097c00 JavaThread "Finalizer" daemon [_thread_blocked, id=3784, stack(0x14500000,0x14550000)]
  0x14073000 JavaThread "Reference Handler" daemon [_thread_blocked, id=3696, stack(0x144a0000,0x144f0000)]

Other Threads:
  0x1406c800 VMThread [stack: 0x143c0000,0x14410000] [id=1468]
  0x140b3400 WatcherThread [stack: 0x016e0000,0x01730000] [id=5040]

VM state:not at safepoint (normal execution)

VM Mutex/Monitor currently owned by a thread: None

Heap:
 def new generation   total 4928K, used 1665K [0x03c00000, 0x04150000, 0x09150000)
  eden space 4416K,  37% used [0x03c00000, 0x03da0300, 0x04050000)
  from space 512K,   0% used [0x040d0000, 0x040d04b0, 0x04150000)
  to   space 512K,   0% used [0x04050000, 0x04050000, 0x040d0000)
 tenured generation   total 10944K, used 7938K [0x09150000, 0x09c00000, 0x13c00000)
   the space 10944K,  72% used [0x09150000, 0x09910848, 0x09910a00, 0x09c00000)
 Metaspace       used 8478K, capacity 8671K, committed 8832K, reserved 9600K

Card table byte_map: [0x01b50000,0x01be0000] byte_map_base: 0x01b32000

Polling page: 0x00180000

CodeCache: size=32768Kb used=1542Kb max_used=1542Kb free=31225Kb
 bounds [0x01bf0000, 0x01d78000, 0x03bf0000]
 total_blobs=898 nmethods=658 adapters=172
 compilation: enabled

Compilation events (10 events):
Event: 18.517 Thread 0x140bd400  658   !         java.lang.ref.ReferenceQueue::poll (28 bytes)
Event: 18.518 Thread 0x140bd400 nmethod 658 0x01d71248 code [0x01d71350, 0x01d7157c]
Event: 19.938 Thread 0x140bd400  659             javax.swing.JComponent::getX (5 bytes)
Event: 19.938 Thread 0x140bd400 nmethod 659 0x01d71648 code [0x01d71740, 0x01d717c0]
Event: 19.939 Thread 0x140bd400  660             javax.swing.JComponent::getY (5 bytes)
Event: 19.939 Thread 0x140bd400 nmethod 660 0x01d71808 code [0x01d71900, 0x01d71980]
Event: 44.142 Thread 0x140bd400  661             java.awt.GraphicsEnvironment::isHeadless (4 bytes)
Event: 44.142 Thread 0x140bd400 nmethod 661 0x01d719c8 code [0x01d71ad0, 0x01d71b7c]
Event: 44.143 Thread 0x140bd400  662             java.awt.GraphicsEnvironment::getHeadlessProperty (22 bytes)
Event: 44.143 Thread 0x140bd400 nmethod 662 0x01d71c08 code [0x01d71d10, 0x01d71dbc]

GC Heap History (10 events):
Event: 43.758 GC heap before
{Heap before GC invocations=56 (full 0):
 def new generation   total 4928K, used 4416K [0x03c00000, 0x04150000, 0x09150000)
  eden space 4416K, 100% used [0x03c00000, 0x04050000, 0x04050000)
  from space 512K,   0% used [0x04050000, 0x04050150, 0x040d0000)
  to   space 512K,   0% used [0x040d0000, 0x040d0000, 0x04150000)
 tenured generation   total 10944K, used 7938K [0x09150000, 0x09c00000, 0x13c00000)
   the space 10944K,  72% used [0x09150000, 0x09910848, 0x09910a00, 0x09c00000)
 Metaspace       used 8477K, capacity 8671K, committed 8832K, reserved 9600K
Event: 43.759 GC heap after
Heap after GC invocations=57 (full 0):
 def new generation   total 4928K, used 0K [0x03c00000, 0x04150000, 0x09150000)
  eden space 4416K,   0% used [0x03c00000, 0x03c00000, 0x04050000)
  from space 512K,   0% used [0x040d0000, 0x040d00e8, 0x04150000)
  to   space 512K,   0% used [0x04050000, 0x04050000, 0x040d0000)
 tenured generation   total 10944K, used 7938K [0x09150000, 0x09c00000, 0x13c00000)
   the space 10944K,  72% used [0x09150000, 0x09910848, 0x09910a00, 0x09c00000)
 Metaspace       used 8477K, capacity 8671K, committed 8832K, reserved 9600K
}
Event: 44.400 GC heap before
{Heap before GC invocations=57 (full 0):
 def new generation   total 4928K, used 4416K [0x03c00000, 0x04150000, 0x09150000)
  eden space 4416K, 100% used [0x03c00000, 0x04050000, 0x04050000)
  from space 512K,   0% used [0x040d0000, 0x040d00e8, 0x04150000)
  to   space 512K,   0% used [0x04050000, 0x04050000, 0x040d0000)
 tenured generation   total 10944K, used 7938K [0x09150000, 0x09c00000, 0x13c00000)
   the space 10944K,  72% used [0x09150000, 0x09910848, 0x09910a00, 0x09c00000)
 Metaspace       used 8477K, capacity 8671K, committed 8832K, reserved 9600K
Event: 44.401 GC heap after
Heap after GC invocations=58 (full 0):
 def new generation   total 4928K, used 1K [0x03c00000, 0x04150000, 0x09150000)
  eden space 4416K,   0% used [0x03c00000, 0x03c00000, 0x04050000)
  from space 512K,   0% used [0x04050000, 0x04050410, 0x040d0000)
  to   space 512K,   0% used [0x040d0000, 0x040d0000, 0x04150000)
 tenured generation   total 10944K, used 7938K [0x09150000, 0x09c00000, 0x13c00000)
   the space 10944K,  72% used [0x09150000, 0x09910848, 0x09910a00, 0x09c00000)
 Metaspace       used 8477K, capacity 8671K, committed 8832K, reserved 9600K
}
Event: 45.098 GC heap before
{Heap before GC invocations=58 (full 0):
 def new generation   total 4928K, used 4417K [0x03c00000, 0x04150000, 0x09150000)
  eden space 4416K, 100% used [0x03c00000, 0x04050000, 0x04050000)
  from space 512K,   0% used [0x04050000, 0x04050410, 0x040d0000)
  to   space 512K,   0% used [0x040d0000, 0x040d0000, 0x04150000)
 tenured generation   total 10944K, used 7938K [0x09150000, 0x09c00000, 0x13c00000)
   the space 10944K,  72% used [0x09150000, 0x09910848, 0x09910a00, 0x09c00000)
 Metaspace       used 8477K, capacity 8671K, committed 8832K, reserved 9600K
Event: 45.099 GC heap after
Heap after GC invocations=59 (full 0):
 def new generation   total 4928K, used 151K [0x03c00000, 0x04150000, 0x09150000)
  eden space 4416K,   0% used [0x03c00000, 0x03c00000, 0x04050000)
  from space 512K,  29% used [0x040d0000, 0x040f5f68, 0x04150000)
  to   space 512K,   0% used [0x04050000, 0x04050000, 0x040d0000)
 tenured generation   total 10944K, used 7938K [0x09150000, 0x09c00000, 0x13c00000)
   the space 10944K,  72% used [0x09150000, 0x09910848, 0x09910a00, 0x09c00000)
 Metaspace       used 8477K, capacity 8671K, committed 8832K, reserved 9600K
}
Event: 45.728 GC heap before
{Heap before GC invocations=59 (full 0):
 def new generation   total 4928K, used 4567K [0x03c00000, 0x04150000, 0x09150000)
  eden space 4416K, 100% used [0x03c00000, 0x04050000, 0x04050000)
  from space 512K,  29% used [0x040d0000, 0x040f5f68, 0x04150000)
  to   space 512K,   0% used [0x04050000, 0x04050000, 0x040d0000)
 tenured generation   total 10944K, used 7938K [0x09150000, 0x09c00000, 0x13c00000)
   the space 10944K,  72% used [0x09150000, 0x09910848, 0x09910a00, 0x09c00000)
 Metaspace       used 8477K, capacity 8671K, committed 8832K, reserved 9600K
Event: 45.729 GC heap after
Heap after GC invocations=60 (full 0):
 def new generation   total 4928K, used 2K [0x03c00000, 0x04150000, 0x09150000)
  eden space 4416K,   0% used [0x03c00000, 0x03c00000, 0x04050000)
  from space 512K,   0% used [0x04050000, 0x04050a60, 0x040d0000)
  to   space 512K,   0% used [0x040d0000, 0x040d0000, 0x04150000)
 tenured generation   total 10944K, used 7938K [0x09150000, 0x09c00000, 0x13c00000)
   the space 10944K,  72% used [0x09150000, 0x09910848, 0x09910a00, 0x09c00000)
 Metaspace       used 8477K, capacity 8671K, committed 8832K, reserved 9600K
}
Event: 46.375 GC heap before
{Heap before GC invocations=60 (full 0):
 def new generation   total 4928K, used 4418K [0x03c00000, 0x04150000, 0x09150000)
  eden space 4416K, 100% used [0x03c00000, 0x04050000, 0x04050000)
  from space 512K,   0% used [0x04050000, 0x04050a60, 0x040d0000)
  to   space 512K,   0% used [0x040d0000, 0x040d0000, 0x04150000)
 tenured generation   total 10944K, used 7938K [0x09150000, 0x09c00000, 0x13c00000)
   the space 10944K,  72% used [0x09150000, 0x09910848, 0x09910a00, 0x09c00000)
 Metaspace       used 8477K, capacity 8671K, committed 8832K, reserved 9600K
Event: 46.377 GC heap after
Heap after GC invocations=61 (full 0):
 def new generation   total 4928K, used 1K [0x03c00000, 0x04150000, 0x09150000)
  eden space 4416K,   0% used [0x03c00000, 0x03c00000, 0x04050000)
  from space 512K,   0% used [0x040d0000, 0x040d04b0, 0x04150000)
  to   space 512K,   0% used [0x04050000, 0x04050000, 0x040d0000)
 tenured generation   total 10944K, used 7938K [0x09150000, 0x09c00000, 0x13c00000)
   the space 10944K,  72% used [0x09150000, 0x09910848, 0x09910a00, 0x09c00000)
 Metaspace       used 8477K, capacity 8671K, committed 8832K, reserved 9600K
}

Deoptimization events (0 events):
No events

Classes redefined (0 events):
No events

Internal exceptions (10 events):
Event: 0.041 Thread 0x01bec400 Exception <a 'java/lang/NoSuchMethodError': Method sun.misc.Unsafe.defineClass(Ljava/lang/String;[BII)Ljava/lang/Class; name or signature does not match> (0x03c06ea8) thrown at [C:\re\workspace\8-2-build-windows-i586-cygwin\jdk8u171\10807\hotspot\src\shar
Event: 0.041 Thread 0x01bec400 Exception <a 'java/lang/NoSuchMethodError': Method sun.misc.Unsafe.prefetchRead(Ljava/lang/Object;J)V name or signature does not match> (0x03c07178) thrown at [C:\re\workspace\8-2-build-windows-i586-cygwin\jdk8u171\10807\hotspot\src\share\vm\prims\jni.cpp
Event: 0.192 Thread 0x01bec400 Exception <a 'java/security/PrivilegedActionException'> (0x03c9c190) thrown at [C:\re\workspace\8-2-build-windows-i586-cygwin\jdk8u171\10807\hotspot\src\share\vm\prims\jvm.cpp, line 1435]
Event: 0.192 Thread 0x01bec400 Exception <a 'java/security/PrivilegedActionException'> (0x03c9c390) thrown at [C:\re\workspace\8-2-build-windows-i586-cygwin\jdk8u171\10807\hotspot\src\share\vm\prims\jvm.cpp, line 1435]
Event: 0.194 Thread 0x01bec400 Exception <a 'java/security/PrivilegedActionException'> (0x03c9fe38) thrown at [C:\re\workspace\8-2-build-windows-i586-cygwin\jdk8u171\10807\hotspot\src\share\vm\prims\jvm.cpp, line 1435]
Event: 0.194 Thread 0x01bec400 Exception <a 'java/security/PrivilegedActionException'> (0x03ca0038) thrown at [C:\re\workspace\8-2-build-windows-i586-cygwin\jdk8u171\10807\hotspot\src\share\vm\prims\jvm.cpp, line 1435]
Event: 0.202 Thread 0x01bec400 Exception <a 'java/io/FileNotFoundException'> (0x03ca43d0) thrown at [C:\re\workspace\8-2-build-windows-i586-cygwin\jdk8u171\10807\hotspot\src\share\vm\prims\jni.cpp, line 709]
Event: 0.268 Thread 0x01bec400 Exception <a 'java/lang/NoSuchFieldError': method resolution failed> (0x03d62c30) thrown at [C:\re\workspace\8-2-build-windows-i586-cygwin\jdk8u171\10807\hotspot\src\share\vm\prims\methodHandles.cpp, line 1167]
Event: 0.270 Thread 0x01bec400 Exception <a 'java/lang/NoSuchFieldError': method resolution failed> (0x03d6edd0) thrown at [C:\re\workspace\8-2-build-windows-i586-cygwin\jdk8u171\10807\hotspot\src\share\vm\prims\methodHandles.cpp, line 1167]
Event: 0.340 Thread 0x01bec400 Exception <a 'java/io/FileNotFoundException'> (0x03df84c8) thrown at [C:\re\workspace\8-2-build-windows-i586-cygwin\jdk8u171\10807\hotspot\src\share\vm\prims\jni.cpp, line 709]

Events (10 events):
Event: 45.727 Executing VM operation: GenCollectForAllocation
Event: 45.729 Executing VM operation: GenCollectForAllocation done
Event: 46.375 Executing VM operation: GenCollectForAllocation
Event: 46.377 Executing VM operation: GenCollectForAllocation done
Event: 46.548 loading class sun/misc/Signal$1
Event: 46.548 loading class sun/misc/Signal$1 done
Event: 46.548 Thread 0x15455800 Thread added: 0x15455800
Event: 46.549 Thread 0x15456000 Thread added: 0x15456000
Event: 46.549 Thread 0x15456800 Thread added: 0x15456800
Event: 46.559 Thread 0x15456800 Thread exited: 0x15456800


Dynamic libraries:
0x01100000 - 0x01133000 	C:\Program Files\Java\jdk1.8.0_171\bin\java.exe
0x776f0000 - 0x7782c000 	C:\Windows\SYSTEM32\ntdll.dll
0x76700000 - 0x767d4000 	C:\Windows\system32\kernel32.dll
0x759a0000 - 0x759ea000 	C:\Windows\system32\KERNELBASE.dll
0x76460000 - 0x76500000 	C:\Windows\system32\ADVAPI32.dll
0x75f00000 - 0x75fac000 	C:\Windows\system32\msvcrt.dll
0x77840000 - 0x77859000 	C:\Windows\SYSTEM32\sechost.dll
0x75fb0000 - 0x76051000 	C:\Windows\system32\RPCRT4.dll
0x77480000 - 0x77549000 	C:\Windows\system32\USER32.dll
0x77430000 - 0x7747e000 	C:\Windows\system32\GDI32.dll
0x77830000 - 0x7783a000 	C:\Windows\system32\LPK.dll
0x75cf0000 - 0x75d8d000 	C:\Windows\system32\USP10.dll
0x747a0000 - 0x7493e000 	C:\Windows\WinSxS\x86_microsoft.windows.common-controls_6595b64144ccf1df_6.0.7600.16385_none_421189da2b7fabfc\COMCTL32.dll
0x762f0000 - 0x76347000 	C:\Windows\system32\SHLWAPI.dll
0x75b40000 - 0x75b5f000 	C:\Windows\system32\IMM32.DLL
0x75e30000 - 0x75efc000 	C:\Windows\system32\MSCTF.dll
0x6b350000 - 0x6b37c000 	c:\progra~1\netpro~1\Zvfort32.dll
0x76350000 - 0x763df000 	C:\Windows\system32\OLEAUT32.dll
0x76160000 - 0x762bc000 	C:\Windows\system32\ole32.dll
0x71770000 - 0x71813000 	C:\Windows\WinSxS\x86_microsoft.vc90.crt_1fc8b3b9a1e18e3b_9.0.30729.7523_none_508f21ccbcbbb7a8\MSVCR90.dll
0x725d0000 - 0x7268f000 	C:\Program Files\Java\jdk1.8.0_171\jre\bin\msvcr100.dll
0x5e2c0000 - 0x5e691000 	C:\Program Files\Java\jdk1.8.0_171\jre\bin\client\jvm.dll
0x73730000 - 0x73737000 	C:\Windows\system32\WSOCK32.dll
0x77880000 - 0x778b5000 	C:\Windows\system32\WS2_32.dll
0x75d90000 - 0x75d96000 	C:\Windows\system32\NSI.dll
0x718c0000 - 0x718f2000 	C:\Windows\system32\WINMM.dll
0x74d40000 - 0x74d49000 	C:\Windows\system32\VERSION.dll
0x77860000 - 0x77865000 	C:\Windows\system32\PSAPI.DLL
0x74960000 - 0x7496c000 	C:\Program Files\Java\jdk1.8.0_171\jre\bin\verify.dll
0x736b0000 - 0x736d2000 	C:\Program Files\Java\jdk1.8.0_171\jre\bin\java.dll
0x73710000 - 0x73724000 	C:\Program Files\Java\jdk1.8.0_171\jre\bin\zip.dll
0x767e0000 - 0x77429000 	C:\Windows\system32\SHELL32.dll
0x75840000 - 0x7584b000 	C:\Windows\system32\profapi.dll
0x72480000 - 0x725c5000 	C:\Program Files\Java\jdk1.8.0_171\jre\bin\awt.dll
0x73f00000 - 0x73f13000 	C:\Windows\system32\DWMAPI.DLL
0x6d860000 - 0x6d928000 	C:\Windows\system32\opengl32.dll
0x735e0000 - 0x73602000 	C:\Windows\system32\GLU32.dll
0x5fbe0000 - 0x5fcc7000 	C:\Windows\system32\DDRAW.dll
0x6d360000 - 0x6d366000 	C:\Windows\system32\DCIMAN32.dll
0x77550000 - 0x776ed000 	C:\Windows\system32\SETUPAPI.dll
0x758c0000 - 0x758e7000 	C:\Windows\system32\CFGMGR32.dll
0x758f0000 - 0x75902000 	C:\Windows\system32\DEVOBJ.dll
0x74620000 - 0x74660000 	C:\Windows\system32\uxtheme.dll
0x75790000 - 0x7579c000 	C:\Windows\system32\CRYPTBASE.dll
0x72af0000 - 0x72b16000 	C:\Program Files\Java\jdk1.8.0_171\jre\bin\jpeg.dll
0x72ab0000 - 0x72ae9000 	C:\Program Files\Java\jdk1.8.0_171\jre\bin\fontmanager.dll
0x75da0000 - 0x75e23000 	C:\Windows\system32\CLBCatQ.DLL
0x73d90000 - 0x73e8b000 	C:\Windows\system32\WindowsCodecs.dll
0x75740000 - 0x7578b000 	C:\Windows\system32\apphelp.dll
0x714f0000 - 0x71521000 	C:\Windows\system32\EhStorShell.dll
0x74520000 - 0x74615000 	C:\Windows\system32\PROPSYS.dll
0x661c0000 - 0x663dd000 	C:\PROGRA~1\MICROS~2\Office12\GR469A~1.DLL
0x68ef0000 - 0x68fe1000 	C:\PROGRA~1\MICROS~2\Office12\GrooveUtil.DLL
0x76060000 - 0x76154000 	C:\Windows\system32\WININET.dll
0x77870000 - 0x77873000 	C:\Windows\system32\Normaliz.dll
0x75b60000 - 0x75c95000 	C:\Windows\system32\urlmon.dll
0x75a20000 - 0x75b3c000 	C:\Windows\system32\CRYPT32.dll
0x758b0000 - 0x758bc000 	C:\Windows\system32\MSASN1.dll
0x76500000 - 0x766f9000 	C:\Windows\system32\iertutil.dll
0x71820000 - 0x718bb000 	C:\Windows\WinSxS\x86_microsoft.vc80.crt_1fc8b3b9a1e18e3b_8.0.50727.6229_none_d089f796442de10e\MSVCR80.dll
0x68ff0000 - 0x68ff7000 	C:\PROGRA~1\MICROS~2\Office12\GrooveNew.DLL
0x70df0000 - 0x70e0b000 	C:\Windows\WinSxS\x86_microsoft.vc80.atl_1fc8b3b9a1e18e3b_8.0.50727.6229_none_d1c3b2e2435ad752\ATL80.DLL
0x752c0000 - 0x752d6000 	C:\Windows\system32\CRYPTSP.dll
0x75060000 - 0x7509b000 	C:\Windows\system32\rsaenh.dll
0x70530000 - 0x70535000 	C:\Windows\system32\MSImg32.dll
0x704c0000 - 0x7052a000 	C:\Windows\System32\cscui.dll
0x704b0000 - 0x704b9000 	C:\Windows\System32\CSCDLL.dll
0x704a0000 - 0x704ab000 	C:\Windows\system32\CSCAPI.dll
0x70430000 - 0x7049f000 	C:\Windows\system32\ntshrui.dll
0x754b0000 - 0x754c9000 	C:\Windows\system32\srvcli.dll
0x73f20000 - 0x73f2a000 	C:\Windows\system32\slc.dll
0x73310000 - 0x73325000 	C:\Program Files\Java\jdk1.8.0_171\jre\bin\net.dll
0x75280000 - 0x752bc000 	C:\Windows\system32\mswsock.dll
0x75270000 - 0x75276000 	C:\Windows\System32\wship6.dll
0x735d0000 - 0x735df000 	C:\Program Files\Java\jdk1.8.0_171\jre\bin\nio.dll
0x72a70000 - 0x72aa2000 	C:\Program Files\Java\jdk1.8.0_171\jre\bin\t2k.dll
0x74dd0000 - 0x74dd5000 	C:\Windows\System32\wshtcpip.dll
0x75140000 - 0x75184000 	C:\Windows\system32\DNSAPI.dll
0x73d20000 - 0x73d3c000 	C:\Windows\system32\IPHLPAPI.DLL
0x73d10000 - 0x73d17000 	C:\Windows\system32\WINNSI.DLL
0x72100000 - 0x72106000 	C:\Windows\system32\rasadhlp.dll
0x73c10000 - 0x73c48000 	C:\Windows\System32\fwpuclnt.dll
0x6c420000 - 0x6c50b000 	C:\Windows\system32\dbghelp.dll

VM Arguments:
java_command: RM.RM
java_class_path (initial): .
Launcher Type: SUN_STANDARD

Environment Variables:
PATH=C:\Program Files\Common Files\Oracle\Java\javapath;C:\Windows\system32;C:\Windows;C:\Windows\System32\Wbem;C:\Windows\System32\WindowsPowerShell\v1.0\;C:\Program Files\Microsoft SQL Server\100\Tools\Binn\;C:\Program Files\Microsoft SQL Server\100\DTS\Binn\;C:\Program Files\Java\jdk1.8.0_171\bin
USERNAME=SANJAY
OS=Windows_NT
PROCESSOR_IDENTIFIER=x86 Family 6 Model 23 Stepping 6, GenuineIntel



---------------  S Y S T E M  ---------------

OS: Windows 7 Build 7600 (6.1.7600.16385)

CPU:total 2 (initial active 2) (2 cores per cpu, 1 threads per core) family 6 model 23 stepping 6, cmov, cx8, fxsr, mmx, sse, sse2, sse3, ssse3, tsc

Memory: 4k page, physical 3135800k(1032216k free), swap 6269836k(4200076k free)

vm_info: Java HotSpot(TM) Client VM (25.171-b11) for windows-x86 JRE (1.8.0_171-b11), built on Mar 28 2018 14:51:22 by "java_re" with MS VC++ 10.0 (VS2010)

time: Thu Oct 10 19:50:42 2019
elapsed time: 46 seconds (0d 0h 0m 46s)

