#
# A fatal error has been detected by the Java Runtime Environment:
#
#  EXCEPTION_ACCESS_VIOLATION (0xc0000005) at pc=0x72497396, pid=3044, tid=0x00001630
#
# JRE version: Java(TM) SE Runtime Environment (8.0_171-b11) (build 1.8.0_171-b11)
# Java VM: Java HotSpot(TM) Client VM (25.171-b11 mixed mode windows-x86 )
# Problematic frame:
# C  [awt.dll+0xa7396]
#
# Failed to write core dump. Minidumps are not enabled by default on client versions of Windows
#
# If you would like to submit a bug report, please visit:
#   http://bugreport.java.com/bugreport/crash.jsp
# The crash happened outside the Java Virtual Machine in native code.
# See problematic frame for where to report the bug.
#

---------------  T H R E A D  ---------------

Current thread (0x143c9400):  JavaThread "AWT-Windows" daemon [_thread_in_native, id=5680, stack(0x145f0000,0x14640000)]

siginfo: ExceptionCode=0xc0000005, reading address 0x00000000

Registers:
EAX=0x00000000, EBX=0x143c9540, ECX=0x000001d3, EDX=0x00000000
ESP=0x1463f47c, EBP=0x1463f4ac, ESI=0x14270810, EDI=0x00000118
EIP=0x72497396, EFLAGS=0x00010206

Top of Stack: (sp=0x1463f47c)
0x1463f47c:   138d71aa 1463f528 00009824 00000000
0x1463f48c:   00de0278 00000000 143c9540 1463f50c
0x1463f49c:   1463f47c 1463f540 724a81b8 00000001
0x1463f4ac:   1463f4d8 774986ef 00de0278 00009824
0x1463f4bc:   14270810 011801d3 00009824 dcbaabcd
0x1463f4cc:   00000000 1463f528 00009824 1463f550
0x1463f4dc:   77498876 72496b80 00de0278 00009824
0x1463f4ec:   14270810 011801d3 13c21843 00000000 

Instructions: (pc=0x72497396)
0x72497376:   75 10 8b 0b 8b 81 94 01 00 00 52 56 53 ff d0 8b
0x72497386:   4d 14 8b f9 c1 ef 10 0f bf ff 0f bf c9 89 55 e4
0x72497396:   8b 10 8b 92 28 01 00 00 57 51 8b c8 ff d2 8b 03
0x724973a6:   8b 48 58 56 53 ff d1 8b 13 8b 42 50 6a 00 53 c6 


Register to memory mapping:

EAX=0x00000000 is an unknown value
EBX=0x143c9540 is an unknown value
ECX=0x000001d3 is an unknown value
EDX=0x00000000 is an unknown value
ESP=0x1463f47c is pointing into the stack for thread: 0x143c9400
EBP=0x1463f4ac is pointing into the stack for thread: 0x143c9400
ESI=0x14270810 is a global jni handle
EDI=0x00000118 is an unknown value


Stack: [0x145f0000,0x14640000],  sp=0x1463f47c,  free space=317k
Native frames: (J=compiled Java code, j=interpreted, Vv=VM code, C=native code)
C  [awt.dll+0xa7396]
C  [USER32.dll+0x186ef]
C  [USER32.dll+0x18876]
C  [USER32.dll+0x170f4]
C  [USER32.dll+0x1738f]
C  [ntdll.dll+0x4642e]
C  [awt.dll+0xa668d]

Java frames: (J=compiled Java code, j=interpreted, Vv=VM code)
j  sun.awt.windows.WToolkit.eventLoop()V+0
j  sun.awt.windows.WToolkit.run()V+58
j  java.lang.Thread.run()V+11
v  ~StubRoutines::call_stub

---------------  P R O C E S S  ---------------

Java Threads: ( => current thread )
  0x15464800 JavaThread "Thread-0" daemon [_thread_in_native, id=5244, stack(0x15e30000,0x15e80000)]
  0x1546f400 JavaThread "SIGINT handler" daemon [_thread_blocked, id=5528, stack(0x15a10000,0x15a60000)]
  0x15395400 JavaThread "Abandoned connection cleanup thread" daemon [_thread_blocked, id=1268, stack(0x16090000,0x160e0000)]
  0x152f0800 JavaThread "TimerQueue" daemon [_thread_blocked, id=4560, stack(0x15de0000,0x15e30000)]
  0x016bc400 JavaThread "DestroyJavaVM" [_thread_blocked, id=5336, stack(0x01c50000,0x01ca0000)]
  0x143ec400 JavaThread "AWT-EventQueue-0" [_thread_in_native, id=5552, stack(0x15680000,0x156d0000)]
=>0x143c9400 JavaThread "AWT-Windows" daemon [_thread_in_native, id=5680, stack(0x145f0000,0x14640000)]
  0x143c8400 JavaThread "AWT-Shutdown" [_thread_blocked, id=1032, stack(0x14710000,0x14760000)]
  0x143c5c00 JavaThread "Java2D Disposer" daemon [_thread_blocked, id=5776, stack(0x14940000,0x14990000)]
  0x142d6000 JavaThread "Service Thread" daemon [_thread_blocked, id=5304, stack(0x01640000,0x01690000)]
  0x142bd400 JavaThread "C1 CompilerThread0" daemon [_thread_blocked, id=5088, stack(0x147c0000,0x14810000)]
  0x142bc400 JavaThread "Attach Listener" daemon [_thread_blocked, id=4540, stack(0x146c0000,0x14710000)]
  0x142b9400 JavaThread "Signal Dispatcher" daemon [_thread_blocked, id=4472, stack(0x14650000,0x146a0000)]
  0x14297c00 JavaThread "Finalizer" daemon [_thread_blocked, id=2756, stack(0x14460000,0x144b0000)]
  0x14273000 JavaThread "Reference Handler" daemon [_thread_blocked, id=5724, stack(0x144e0000,0x14530000)]

Other Threads:
  0x1426c800 VMThread [stack: 0x03cd0000,0x03d20000] [id=1760]
  0x142b3c00 WatcherThread [stack: 0x14770000,0x147c0000] [id=3464]

VM state:not at safepoint (normal execution)

VM Mutex/Monitor currently owned by a thread: None

Heap:
 def new generation   total 4928K, used 3352K [0x03e00000, 0x04350000, 0x09350000)
  eden space 4416K,  75% used [0x03e00000, 0x04145f48, 0x04250000)
  from space 512K,   0% used [0x042d0000, 0x042d0148, 0x04350000)
  to   space 512K,   0% used [0x04250000, 0x04250000, 0x042d0000)
 tenured generation   total 10944K, used 7883K [0x09350000, 0x09e00000, 0x13e00000)
   the space 10944K,  72% used [0x09350000, 0x09b02fd8, 0x09b03000, 0x09e00000)
 Metaspace       used 8455K, capacity 8639K, committed 8704K, reserved 9600K

Card table byte_map: [0x016c0000,0x01750000] byte_map_base: 0x016a1000

Polling page: 0x001b0000

CodeCache: size=32768Kb used=1502Kb max_used=1502Kb free=31265Kb
 bounds [0x01ca0000, 0x01e18000, 0x03ca0000]
 total_blobs=860 nmethods=624 adapters=168
 compilation: enabled

Compilation events (10 events):
Event: 10.232 Thread 0x142bd400  623             java.util.PropertyResourceBundle::handleGetObject (23 bytes)
Event: 10.232 Thread 0x142bd400 nmethod 623 0x01e16bc8 code [0x01e16ce0, 0x01e16de8]
Event: 10.232 Thread 0x142bd400  624             com.mysql.jdbc.ConnectionPropertiesImpl$ConnectionProperty::getValueAsObject (5 bytes)
Event: 10.232 Thread 0x142bd400 nmethod 624 0x01e16e88 code [0x01e16f80, 0x01e17000]
Event: 10.251 Thread 0x142bd400  625             java.util.TreeMap::rotateLeft (96 bytes)
Event: 10.251 Thread 0x142bd400 nmethod 625 0x01e17048 code [0x01e17140, 0x01e17280]
Event: 10.252 Thread 0x142bd400  626             java.lang.String$CaseInsensitiveComparator::compare (13 bytes)
Event: 10.253 Thread 0x142bd400 nmethod 626 0x01e17388 code [0x01e17490, 0x01e1756c]
Event: 10.316 Thread 0x142bd400  627 %           java.awt.EventDispatchThread::pumpEventsForFilter @ 10 (47 bytes)
Event: 10.317 Thread 0x142bd400 nmethod 627% 0x01e17608 code [0x01e17740, 0x01e17930]

GC Heap History (10 events):
Event: 18.608 GC heap before
{Heap before GC invocations=18 (full 0):
 def new generation   total 4928K, used 4419K [0x03e00000, 0x04350000, 0x09350000)
  eden space 4416K, 100% used [0x03e00000, 0x04250000, 0x04250000)
  from space 512K,   0% used [0x04250000, 0x04250e08, 0x042d0000)
  to   space 512K,   0% used [0x042d0000, 0x042d0000, 0x04350000)
 tenured generation   total 10944K, used 7880K [0x09350000, 0x09e00000, 0x13e00000)
   the space 10944K,  72% used [0x09350000, 0x09b02320, 0x09b02400, 0x09e00000)
 Metaspace       used 8454K, capacity 8639K, committed 8704K, reserved 9600K
Event: 18.608 GC heap after
Heap after GC invocations=19 (full 0):
 def new generation   total 4928K, used 3K [0x03e00000, 0x04350000, 0x09350000)
  eden space 4416K,   0% used [0x03e00000, 0x03e00000, 0x04250000)
  from space 512K,   0% used [0x042d0000, 0x042d0df0, 0x04350000)
  to   space 512K,   0% used [0x04250000, 0x04250000, 0x042d0000)
 tenured generation   total 10944K, used 7880K [0x09350000, 0x09e00000, 0x13e00000)
   the space 10944K,  72% used [0x09350000, 0x09b02320, 0x09b02400, 0x09e00000)
 Metaspace       used 8454K, capacity 8639K, committed 8704K, reserved 9600K
}
Event: 19.503 GC heap before
{Heap before GC invocations=19 (full 0):
 def new generation   total 4928K, used 4419K [0x03e00000, 0x04350000, 0x09350000)
  eden space 4416K, 100% used [0x03e00000, 0x04250000, 0x04250000)
  from space 512K,   0% used [0x042d0000, 0x042d0df0, 0x04350000)
  to   space 512K,   0% used [0x04250000, 0x04250000, 0x042d0000)
 tenured generation   total 10944K, used 7880K [0x09350000, 0x09e00000, 0x13e00000)
   the space 10944K,  72% used [0x09350000, 0x09b02320, 0x09b02400, 0x09e00000)
 Metaspace       used 8454K, capacity 8639K, committed 8704K, reserved 9600K
Event: 19.504 GC heap after
Heap after GC invocations=20 (full 0):
 def new generation   total 4928K, used 3K [0x03e00000, 0x04350000, 0x09350000)
  eden space 4416K,   0% used [0x03e00000, 0x03e00000, 0x04250000)
  from space 512K,   0% used [0x04250000, 0x04250df0, 0x042d0000)
  to   space 512K,   0% used [0x042d0000, 0x042d0000, 0x04350000)
 tenured generation   total 10944K, used 7880K [0x09350000, 0x09e00000, 0x13e00000)
   the space 10944K,  72% used [0x09350000, 0x09b02320, 0x09b02400, 0x09e00000)
 Metaspace       used 8454K, capacity 8639K, committed 8704K, reserved 9600K
}
Event: 20.183 GC heap before
{Heap before GC invocations=20 (full 0):
 def new generation   total 4928K, used 4419K [0x03e00000, 0x04350000, 0x09350000)
  eden space 4416K, 100% used [0x03e00000, 0x04250000, 0x04250000)
  from space 512K,   0% used [0x04250000, 0x04250df0, 0x042d0000)
  to   space 512K,   0% used [0x042d0000, 0x042d0000, 0x04350000)
 tenured generation   total 10944K, used 7880K [0x09350000, 0x09e00000, 0x13e00000)
   the space 10944K,  72% used [0x09350000, 0x09b02320, 0x09b02400, 0x09e00000)
 Metaspace       used 8454K, capacity 8639K, committed 8704K, reserved 9600K
Event: 20.183 GC heap after
Heap after GC invocations=21 (full 0):
 def new generation   total 4928K, used 2K [0x03e00000, 0x04350000, 0x09350000)
  eden space 4416K,   0% used [0x03e00000, 0x03e00000, 0x04250000)
  from space 512K,   0% used [0x042d0000, 0x042d0bf8, 0x04350000)
  to   space 512K,   0% used [0x04250000, 0x04250000, 0x042d0000)
 tenured generation   total 10944K, used 7881K [0x09350000, 0x09e00000, 0x13e00000)
   the space 10944K,  72% used [0x09350000, 0x09b02518, 0x09b02600, 0x09e00000)
 Metaspace       used 8454K, capacity 8639K, committed 8704K, reserved 9600K
}
Event: 20.857 GC heap before
{Heap before GC invocations=21 (full 0):
 def new generation   total 4928K, used 4418K [0x03e00000, 0x04350000, 0x09350000)
  eden space 4416K, 100% used [0x03e00000, 0x04250000, 0x04250000)
  from space 512K,   0% used [0x042d0000, 0x042d0bf8, 0x04350000)
  to   space 512K,   0% used [0x04250000, 0x04250000, 0x042d0000)
 tenured generation   total 10944K, used 7881K [0x09350000, 0x09e00000, 0x13e00000)
   the space 10944K,  72% used [0x09350000, 0x09b02518, 0x09b02600, 0x09e00000)
 Metaspace       used 8454K, capacity 8639K, committed 8704K, reserved 9600K
Event: 20.858 GC heap after
Heap after GC invocations=22 (full 0):
 def new generation   total 4928K, used 0K [0x03e00000, 0x04350000, 0x09350000)
  eden space 4416K,   0% used [0x03e00000, 0x03e00000, 0x04250000)
  from space 512K,   0% used [0x04250000, 0x04250148, 0x042d0000)
  to   space 512K,   0% used [0x042d0000, 0x042d0000, 0x04350000)
 tenured generation   total 10944K, used 7883K [0x09350000, 0x09e00000, 0x13e00000)
   the space 10944K,  72% used [0x09350000, 0x09b02f78, 0x09b03000, 0x09e00000)
 Metaspace       used 8454K, capacity 8639K, committed 8704K, reserved 9600K
}
Event: 21.530 GC heap before
{Heap before GC invocations=22 (full 0):
 def new generation   total 4928K, used 4416K [0x03e00000, 0x04350000, 0x09350000)
  eden space 4416K, 100% used [0x03e00000, 0x04250000, 0x04250000)
  from space 512K,   0% used [0x04250000, 0x04250148, 0x042d0000)
  to   space 512K,   0% used [0x042d0000, 0x042d0000, 0x04350000)
 tenured generation   total 10944K, used 7883K [0x09350000, 0x09e00000, 0x13e00000)
   the space 10944K,  72% used [0x09350000, 0x09b02f78, 0x09b03000, 0x09e00000)
 Metaspace       used 8454K, capacity 8639K, committed 8704K, reserved 9600K
Event: 21.531 GC heap after
Heap after GC invocations=23 (full 0):
 def new generation   total 4928K, used 0K [0x03e00000, 0x04350000, 0x09350000)
  eden space 4416K,   0% used [0x03e00000, 0x03e00000, 0x04250000)
  from space 512K,   0% used [0x042d0000, 0x042d0148, 0x04350000)
  to   space 512K,   0% used [0x04250000, 0x04250000, 0x042d0000)
 tenured generation   total 10944K, used 7883K [0x09350000, 0x09e00000, 0x13e00000)
   the space 10944K,  72% used [0x09350000, 0x09b02fd8, 0x09b03000, 0x09e00000)
 Metaspace       used 8454K, capacity 8639K, committed 8704K, reserved 9600K
}

Deoptimization events (0 events):
No events

Classes redefined (0 events):
No events

Internal exceptions (10 events):
Event: 0.045 Thread 0x016bc400 Exception <a 'java/lang/NoSuchMethodError': Method sun.misc.Unsafe.defineClass(Ljava/lang/String;[BII)Ljava/lang/Class; name or signature does not match> (0x03e06ea8) thrown at [C:\re\workspace\8-2-build-windows-i586-cygwin\jdk8u171\10807\hotspot\src\shar
Event: 0.045 Thread 0x016bc400 Exception <a 'java/lang/NoSuchMethodError': Method sun.misc.Unsafe.prefetchRead(Ljava/lang/Object;J)V name or signature does not match> (0x03e07178) thrown at [C:\re\workspace\8-2-build-windows-i586-cygwin\jdk8u171\10807\hotspot\src\share\vm\prims\jni.cpp
Event: 0.189 Thread 0x016bc400 Exception <a 'java/security/PrivilegedActionException'> (0x03e9c190) thrown at [C:\re\workspace\8-2-build-windows-i586-cygwin\jdk8u171\10807\hotspot\src\share\vm\prims\jvm.cpp, line 1435]
Event: 0.190 Thread 0x016bc400 Exception <a 'java/security/PrivilegedActionException'> (0x03e9c390) thrown at [C:\re\workspace\8-2-build-windows-i586-cygwin\jdk8u171\10807\hotspot\src\share\vm\prims\jvm.cpp, line 1435]
Event: 0.191 Thread 0x016bc400 Exception <a 'java/security/PrivilegedActionException'> (0x03e9fe38) thrown at [C:\re\workspace\8-2-build-windows-i586-cygwin\jdk8u171\10807\hotspot\src\share\vm\prims\jvm.cpp, line 1435]
Event: 0.191 Thread 0x016bc400 Exception <a 'java/security/PrivilegedActionException'> (0x03ea0038) thrown at [C:\re\workspace\8-2-build-windows-i586-cygwin\jdk8u171\10807\hotspot\src\share\vm\prims\jvm.cpp, line 1435]
Event: 0.202 Thread 0x016bc400 Exception <a 'java/io/FileNotFoundException'> (0x03ea43d0) thrown at [C:\re\workspace\8-2-build-windows-i586-cygwin\jdk8u171\10807\hotspot\src\share\vm\prims\jni.cpp, line 709]
Event: 0.279 Thread 0x016bc400 Exception <a 'java/lang/NoSuchFieldError': method resolution failed> (0x03f62c30) thrown at [C:\re\workspace\8-2-build-windows-i586-cygwin\jdk8u171\10807\hotspot\src\share\vm\prims\methodHandles.cpp, line 1167]
Event: 0.282 Thread 0x016bc400 Exception <a 'java/lang/NoSuchFieldError': method resolution failed> (0x03f6edd0) thrown at [C:\re\workspace\8-2-build-windows-i586-cygwin\jdk8u171\10807\hotspot\src\share\vm\prims\methodHandles.cpp, line 1167]
Event: 0.367 Thread 0x016bc400 Exception <a 'java/io/FileNotFoundException'> (0x03ff84c8) thrown at [C:\re\workspace\8-2-build-windows-i586-cygwin\jdk8u171\10807\hotspot\src\share\vm\prims\jni.cpp, line 709]

Events (10 events):
Event: 20.184 Executing VM operation: GenCollectForAllocation done
Event: 20.857 Executing VM operation: GenCollectForAllocation
Event: 20.858 Executing VM operation: GenCollectForAllocation done
Event: 21.530 Executing VM operation: GenCollectForAllocation
Event: 21.531 Executing VM operation: GenCollectForAllocation done
Event: 22.023 loading class sun/misc/Signal$1
Event: 22.023 loading class sun/misc/Signal$1 done
Event: 22.023 Thread 0x1546f400 Thread added: 0x1546f400
Event: 22.024 Thread 0x15464800 Thread added: 0x15464800
Event: 22.024 Thread 0x15465000 Thread added: 0x15465000


Dynamic libraries:
0x00110000 - 0x00143000 	C:\Program Files\Java\jdk1.8.0_171\bin\java.exe
0x776f0000 - 0x7782c000 	C:\Windows\SYSTEM32\ntdll.dll
0x76700000 - 0x767d4000 	C:\Windows\system32\kernel32.dll
0x759a0000 - 0x759ea000 	C:\Windows\system32\KERNELBASE.dll
0x76460000 - 0x76500000 	C:\Windows\system32\ADVAPI32.dll
0x75f00000 - 0x75fac000 	C:\Windows\system32\msvcrt.dll
0x77840000 - 0x77859000 	C:\Windows\SYSTEM32\sechost.dll
0x75fb0000 - 0x76051000 	C:\Windows\system32\RPCRT4.dll
0x77480000 - 0x77549000 	C:\Windows\system32\USER32.dll
0x77430000 - 0x7747e000 	C:\Windows\system32\GDI32.dll
0x77830000 - 0x7783a000 	C:\Windows\system32\LPK.dll
0x75cf0000 - 0x75d8d000 	C:\Windows\system32\USP10.dll
0x747a0000 - 0x7493e000 	C:\Windows\WinSxS\x86_microsoft.windows.common-controls_6595b64144ccf1df_6.0.7600.16385_none_421189da2b7fabfc\COMCTL32.dll
0x762f0000 - 0x76347000 	C:\Windows\system32\SHLWAPI.dll
0x75b40000 - 0x75b5f000 	C:\Windows\system32\IMM32.DLL
0x75e30000 - 0x75efc000 	C:\Windows\system32\MSCTF.dll
0x6b350000 - 0x6b37c000 	c:\progra~1\netpro~1\Zvfort32.dll
0x76350000 - 0x763df000 	C:\Windows\system32\OLEAUT32.dll
0x76160000 - 0x762bc000 	C:\Windows\system32\ole32.dll
0x71770000 - 0x71813000 	C:\Windows\WinSxS\x86_microsoft.vc90.crt_1fc8b3b9a1e18e3b_9.0.30729.7523_none_508f21ccbcbbb7a8\MSVCR90.dll
0x72ba0000 - 0x72c5f000 	C:\Program Files\Java\jdk1.8.0_171\jre\bin\msvcr100.dll
0x727c0000 - 0x72b91000 	C:\Program Files\Java\jdk1.8.0_171\jre\bin\client\jvm.dll
0x74960000 - 0x74967000 	C:\Windows\system32\WSOCK32.dll
0x77880000 - 0x778b5000 	C:\Windows\system32\WS2_32.dll
0x75d90000 - 0x75d96000 	C:\Windows\system32\NSI.dll
0x718c0000 - 0x718f2000 	C:\Windows\system32\WINMM.dll
0x74d40000 - 0x74d49000 	C:\Windows\system32\VERSION.dll
0x77860000 - 0x77865000 	C:\Windows\system32\PSAPI.DLL
0x73730000 - 0x7373c000 	C:\Program Files\Java\jdk1.8.0_171\jre\bin\verify.dll
0x736b0000 - 0x736d2000 	C:\Program Files\Java\jdk1.8.0_171\jre\bin\java.dll
0x73710000 - 0x73724000 	C:\Program Files\Java\jdk1.8.0_171\jre\bin\zip.dll
0x767e0000 - 0x77429000 	C:\Windows\system32\SHELL32.dll
0x75840000 - 0x7584b000 	C:\Windows\system32\profapi.dll
0x723f0000 - 0x72535000 	C:\Program Files\Java\jdk1.8.0_171\jre\bin\awt.dll
0x73f00000 - 0x73f13000 	C:\Windows\system32\DWMAPI.DLL
0x725c0000 - 0x72688000 	C:\Windows\system32\opengl32.dll
0x735e0000 - 0x73602000 	C:\Windows\system32\GLU32.dll
0x5fbe0000 - 0x5fcc7000 	C:\Windows\system32\DDRAW.dll
0x6d360000 - 0x6d366000 	C:\Windows\system32\DCIMAN32.dll
0x77550000 - 0x776ed000 	C:\Windows\system32\SETUPAPI.dll
0x758c0000 - 0x758e7000 	C:\Windows\system32\CFGMGR32.dll
0x758f0000 - 0x75902000 	C:\Windows\system32\DEVOBJ.dll
0x74620000 - 0x74660000 	C:\Windows\system32\uxtheme.dll
0x75790000 - 0x7579c000 	C:\Windows\system32\CRYPTBASE.dll
0x73680000 - 0x736a6000 	C:\Program Files\Java\jdk1.8.0_171\jre\bin\jpeg.dll
0x735a0000 - 0x735d9000 	C:\Program Files\Java\jdk1.8.0_171\jre\bin\fontmanager.dll
0x75da0000 - 0x75e23000 	C:\Windows\system32\CLBCatQ.DLL
0x73d90000 - 0x73e8b000 	C:\Windows\system32\WindowsCodecs.dll
0x75740000 - 0x7578b000 	C:\Windows\system32\apphelp.dll
0x714f0000 - 0x71521000 	C:\Windows\system32\EhStorShell.dll
0x74520000 - 0x74615000 	C:\Windows\system32\PROPSYS.dll
0x661c0000 - 0x663dd000 	C:\PROGRA~1\MICROS~2\Office12\GR469A~1.DLL
0x68ef0000 - 0x68fe1000 	C:\PROGRA~1\MICROS~2\Office12\GrooveUtil.DLL
0x76060000 - 0x76154000 	C:\Windows\system32\WININET.dll
0x77870000 - 0x77873000 	C:\Windows\system32\Normaliz.dll
0x75b60000 - 0x75c95000 	C:\Windows\system32\urlmon.dll
0x75a20000 - 0x75b3c000 	C:\Windows\system32\CRYPT32.dll
0x758b0000 - 0x758bc000 	C:\Windows\system32\MSASN1.dll
0x76500000 - 0x766f9000 	C:\Windows\system32\iertutil.dll
0x71820000 - 0x718bb000 	C:\Windows\WinSxS\x86_microsoft.vc80.crt_1fc8b3b9a1e18e3b_8.0.50727.6229_none_d089f796442de10e\MSVCR80.dll
0x68ff0000 - 0x68ff7000 	C:\PROGRA~1\MICROS~2\Office12\GrooveNew.DLL
0x70df0000 - 0x70e0b000 	C:\Windows\WinSxS\x86_microsoft.vc80.atl_1fc8b3b9a1e18e3b_8.0.50727.6229_none_d1c3b2e2435ad752\ATL80.DLL
0x752c0000 - 0x752d6000 	C:\Windows\system32\CRYPTSP.dll
0x75060000 - 0x7509b000 	C:\Windows\system32\rsaenh.dll
0x70530000 - 0x70535000 	C:\Windows\system32\MSImg32.dll
0x704c0000 - 0x7052a000 	C:\Windows\System32\cscui.dll
0x704b0000 - 0x704b9000 	C:\Windows\System32\CSCDLL.dll
0x704a0000 - 0x704ab000 	C:\Windows\system32\CSCAPI.dll
0x70430000 - 0x7049f000 	C:\Windows\system32\ntshrui.dll
0x754b0000 - 0x754c9000 	C:\Windows\system32\srvcli.dll
0x73f20000 - 0x73f2a000 	C:\Windows\system32\slc.dll
0x73310000 - 0x73325000 	C:\Program Files\Java\jdk1.8.0_171\jre\bin\net.dll
0x75280000 - 0x752bc000 	C:\Windows\system32\mswsock.dll
0x75270000 - 0x75276000 	C:\Windows\System32\wship6.dll
0x73300000 - 0x7330f000 	C:\Program Files\Java\jdk1.8.0_171\jre\bin\nio.dll
0x73160000 - 0x73192000 	C:\Program Files\Java\jdk1.8.0_171\jre\bin\t2k.dll
0x74dd0000 - 0x74dd5000 	C:\Windows\System32\wshtcpip.dll
0x75140000 - 0x75184000 	C:\Windows\system32\DNSAPI.dll
0x73d20000 - 0x73d3c000 	C:\Windows\system32\IPHLPAPI.DLL
0x73d10000 - 0x73d17000 	C:\Windows\system32\WINNSI.DLL
0x72100000 - 0x72106000 	C:\Windows\system32\rasadhlp.dll
0x73c10000 - 0x73c48000 	C:\Windows\System32\fwpuclnt.dll
0x6c420000 - 0x6c50b000 	C:\Windows\system32\dbghelp.dll

VM Arguments:
java_command: RM.RM
java_class_path (initial): .
Launcher Type: SUN_STANDARD

Environment Variables:
PATH=C:\Program Files\Common Files\Oracle\Java\javapath;C:\Windows\system32;C:\Windows;C:\Windows\System32\Wbem;C:\Windows\System32\WindowsPowerShell\v1.0\;C:\Program Files\Microsoft SQL Server\100\Tools\Binn\;C:\Program Files\Microsoft SQL Server\100\DTS\Binn\;C:\Program Files\Java\jdk1.8.0_171\bin
USERNAME=SANJAY
OS=Windows_NT
PROCESSOR_IDENTIFIER=x86 Family 6 Model 23 Stepping 6, GenuineIntel



---------------  S Y S T E M  ---------------

OS: Windows 7 Build 7600 (6.1.7600.16385)

CPU:total 2 (initial active 2) (2 cores per cpu, 1 threads per core) family 6 model 23 stepping 6, cmov, cx8, fxsr, mmx, sse, sse2, sse3, ssse3, tsc

Memory: 4k page, physical 3135800k(1135968k free), swap 6269836k(4274700k free)

vm_info: Java HotSpot(TM) Client VM (25.171-b11) for windows-x86 JRE (1.8.0_171-b11), built on Mar 28 2018 14:51:22 by "java_re" with MS VC++ 10.0 (VS2010)

time: Thu Oct 10 19:37:20 2019
elapsed time: 22 seconds (0d 0h 0m 22s)

