#
# A fatal error has been detected by the Java Runtime Environment:
#
#  EXCEPTION_ACCESS_VIOLATION (0xc0000005) at pc=0x725e7396, pid=5516, tid=0x0000135c
#
# JRE version: Java(TM) SE Runtime Environment (8.0_171-b11) (build 1.8.0_171-b11)
# Java VM: Java HotSpot(TM) Client VM (25.171-b11 mixed mode windows-x86 )
# Problematic frame:
# C  [awt.dll+0xa7396]
#
# Failed to write core dump. Minidumps are not enabled by default on client versions of Windows
#
# If you would like to submit a bug report, please visit:
#   http://bugreport.java.com/bugreport/crash.jsp
# The crash happened outside the Java Virtual Machine in native code.
# See problematic frame for where to report the bug.
#

---------------  T H R E A D  ---------------

Current thread (0x14229400):  JavaThread "AWT-Windows" daemon [_thread_in_native, id=4956, stack(0x14ac0000,0x14b10000)]

siginfo: ExceptionCode=0xc0000005, reading address 0x00000000

Registers:
EAX=0x00000000, EBX=0x14229540, ECX=0x00000336, EDX=0x00000000
ESP=0x14b0f2ec, EBP=0x14b0f31c, ESI=0x140d0818, EDI=0x00000118
EIP=0x725e7396, EFLAGS=0x00010206

Top of Stack: (sp=0x14b0f2ec)
0x14b0f2ec:   0637b7e0 14b0f398 00009824 00000000
0x14b0f2fc:   000802ea 00000000 14229540 14b0f37c
0x14b0f30c:   14b0f2ec 14b0f3b0 725f81b8 00000001
0x14b0f31c:   14b0f348 774986ef 000802ea 00009824
0x14b0f32c:   140d0818 01180336 00009824 dcbaabcd
0x14b0f33c:   00000000 14b0f398 00009824 14b0f3c0
0x14b0f34c:   77498876 725e6b80 000802ea 00009824
0x14b0f35c:   140d0818 01180336 07ad22f4 00000000 

Instructions: (pc=0x725e7396)
0x725e7376:   75 10 8b 0b 8b 81 94 01 00 00 52 56 53 ff d0 8b
0x725e7386:   4d 14 8b f9 c1 ef 10 0f bf ff 0f bf c9 89 55 e4
0x725e7396:   8b 10 8b 92 28 01 00 00 57 51 8b c8 ff d2 8b 03
0x725e73a6:   8b 48 58 56 53 ff d1 8b 13 8b 42 50 6a 00 53 c6 


Register to memory mapping:

EAX=0x00000000 is an unknown value
EBX=0x14229540 is an unknown value
ECX=0x00000336 is an unknown value
EDX=0x00000000 is an unknown value
ESP=0x14b0f2ec is pointing into the stack for thread: 0x14229400
EBP=0x14b0f31c is pointing into the stack for thread: 0x14229400
ESI=0x140d0818 is a global jni handle
EDI=0x00000118 is an unknown value


Stack: [0x14ac0000,0x14b10000],  sp=0x14b0f2ec,  free space=316k
Native frames: (J=compiled Java code, j=interpreted, Vv=VM code, C=native code)
C  [awt.dll+0xa7396]
C  [USER32.dll+0x186ef]
C  [USER32.dll+0x18876]
C  [USER32.dll+0x170f4]
C  [USER32.dll+0x1738f]
C  [ntdll.dll+0x4642e]
C  [awt.dll+0xa668d]

Java frames: (J=compiled Java code, j=interpreted, Vv=VM code)
j  sun.awt.windows.WToolkit.eventLoop()V+0
j  sun.awt.windows.WToolkit.run()V+58
j  java.lang.Thread.run()V+11
v  ~StubRoutines::call_stub

---------------  P R O C E S S  ---------------

Java Threads: ( => current thread )
  0x15403800 JavaThread "Thread-0" daemon [_thread_in_native, id=1740, stack(0x16270000,0x162c0000)]
  0x15403000 JavaThread "SIGINT handler" daemon [_thread_blocked, id=4828, stack(0x162c0000,0x16310000)]
  0x1534f400 JavaThread "Abandoned connection cleanup thread" daemon [_thread_blocked, id=2876, stack(0x158f0000,0x15940000)]
  0x1532ac00 JavaThread "TimerQueue" daemon [_thread_blocked, id=5208, stack(0x15be0000,0x15c30000)]
  0x01abc400 JavaThread "DestroyJavaVM" [_thread_blocked, id=2436, stack(0x00350000,0x003a0000)]
  0x14249800 JavaThread "AWT-EventQueue-0" [_thread_in_native, id=4984, stack(0x147c0000,0x14810000)]
=>0x14229400 JavaThread "AWT-Windows" daemon [_thread_in_native, id=4956, stack(0x14ac0000,0x14b10000)]
  0x14228c00 JavaThread "AWT-Shutdown" [_thread_blocked, id=5572, stack(0x14b20000,0x14b70000)]
  0x14226400 JavaThread "Java2D Disposer" daemon [_thread_blocked, id=3588, stack(0x14a20000,0x14a70000)]
  0x14136000 JavaThread "Service Thread" daemon [_thread_blocked, id=3056, stack(0x14750000,0x147a0000)]
  0x1411d400 JavaThread "C1 CompilerThread0" daemon [_thread_blocked, id=3948, stack(0x14590000,0x145e0000)]
  0x1411c400 JavaThread "Attach Listener" daemon [_thread_blocked, id=1544, stack(0x146e0000,0x14730000)]
  0x14119400 JavaThread "Signal Dispatcher" daemon [_thread_blocked, id=5664, stack(0x14660000,0x146b0000)]
  0x140f7c00 JavaThread "Finalizer" daemon [_thread_blocked, id=328, stack(0x14450000,0x144a0000)]
  0x140d3000 JavaThread "Reference Handler" daemon [_thread_blocked, id=3664, stack(0x143e0000,0x14430000)]

Other Threads:
  0x140cc800 VMThread [stack: 0x142d0000,0x14320000] [id=668]
  0x1413f000 WatcherThread [stack: 0x14840000,0x14890000] [id=4200]

VM state:not at safepoint (normal execution)

VM Mutex/Monitor currently owned by a thread: None

Heap:
 def new generation   total 4928K, used 2710K [0x03c00000, 0x04150000, 0x09150000)
  eden space 4416K,  61% used [0x03c00000, 0x03ea57f0, 0x04050000)
  from space 512K,   0% used [0x040d0000, 0x040d0138, 0x04150000)
  to   space 512K,   0% used [0x04050000, 0x04050000, 0x040d0000)
 tenured generation   total 10944K, used 10093K [0x09150000, 0x09c00000, 0x13c00000)
   the space 10944K,  92% used [0x09150000, 0x09b2b500, 0x09b2b600, 0x09c00000)
 Metaspace       used 8454K, capacity 8636K, committed 8704K, reserved 9600K

Card table byte_map: [0x03b40000,0x03bd0000] byte_map_base: 0x03b22000

Polling page: 0x00170000

CodeCache: size=32768Kb used=1496Kb max_used=1515Kb free=31271Kb
 bounds [0x01ac0000, 0x01c40000, 0x03ac0000]
 total_blobs=864 nmethods=624 adapters=172
 compilation: enabled

Compilation events (10 events):
Event: 13.827 Thread 0x1411d400  624             javax.swing.JComponent::contains (27 bytes)
Event: 13.828 Thread 0x1411d400 nmethod 624 0x01baf0c8 code [0x01baf1c0, 0x01baf2f0]
Event: 13.843 Thread 0x1411d400  625             java.util.ArrayList$Itr::hasNext (20 bytes)
Event: 13.844 Thread 0x1411d400 nmethod 625 0x01baeec8 code [0x01baefc0, 0x01baf060]
Event: 43.975 Thread 0x1411d400  626             java.lang.ref.ReferenceQueue::reallyPoll (66 bytes)
Event: 43.975 Thread 0x1411d400 nmethod 626 0x01ba92c8 code [0x01ba93d0, 0x01ba9530]
Event: 55.659 Thread 0x1411d400  627             java.awt.Container::findComponentAtImpl (161 bytes)
Event: 55.660 Thread 0x1411d400 nmethod 627 0x01ba8c08 code [0x01ba8d70, 0x01ba9054]
Event: 55.811 Thread 0x1411d400  628             java.util.ArrayList$Itr::checkForComodification (23 bytes)
Event: 55.811 Thread 0x1411d400 nmethod 628 0x01bbbc88 code [0x01bbbd90, 0x01bbbe6c]

GC Heap History (10 events):
Event: 64.724 GC heap before
{Heap before GC invocations=84 (full 0):
 def new generation   total 4928K, used 4416K [0x03c00000, 0x04150000, 0x09150000)
  eden space 4416K, 100% used [0x03c00000, 0x04050000, 0x04050000)
  from space 512K,   0% used [0x04050000, 0x04050180, 0x040d0000)
  to   space 512K,   0% used [0x040d0000, 0x040d0000, 0x04150000)
 tenured generation   total 10944K, used 10093K [0x09150000, 0x09c00000, 0x13c00000)
   the space 10944K,  92% used [0x09150000, 0x09b2b4d0, 0x09b2b600, 0x09c00000)
 Metaspace       used 8453K, capacity 8636K, committed 8704K, reserved 9600K
Event: 64.724 GC heap after
Heap after GC invocations=85 (full 0):
 def new generation   total 4928K, used 0K [0x03c00000, 0x04150000, 0x09150000)
  eden space 4416K,   0% used [0x03c00000, 0x03c00000, 0x04050000)
  from space 512K,   0% used [0x040d0000, 0x040d00c0, 0x04150000)
  to   space 512K,   0% used [0x04050000, 0x04050000, 0x040d0000)
 tenured generation   total 10944K, used 10093K [0x09150000, 0x09c00000, 0x13c00000)
   the space 10944K,  92% used [0x09150000, 0x09b2b4d0, 0x09b2b600, 0x09c00000)
 Metaspace       used 8453K, capacity 8636K, committed 8704K, reserved 9600K
}
Event: 65.387 GC heap before
{Heap before GC invocations=85 (full 0):
 def new generation   total 4928K, used 4416K [0x03c00000, 0x04150000, 0x09150000)
  eden space 4416K, 100% used [0x03c00000, 0x04050000, 0x04050000)
  from space 512K,   0% used [0x040d0000, 0x040d00c0, 0x04150000)
  to   space 512K,   0% used [0x04050000, 0x04050000, 0x040d0000)
 tenured generation   total 10944K, used 10093K [0x09150000, 0x09c00000, 0x13c00000)
   the space 10944K,  92% used [0x09150000, 0x09b2b4d0, 0x09b2b600, 0x09c00000)
 Metaspace       used 8453K, capacity 8636K, committed 8704K, reserved 9600K
Event: 65.389 GC heap after
Heap after GC invocations=86 (full 0):
 def new generation   total 4928K, used 0K [0x03c00000, 0x04150000, 0x09150000)
  eden space 4416K,   0% used [0x03c00000, 0x03c00000, 0x04050000)
  from space 512K,   0% used [0x04050000, 0x04050178, 0x040d0000)
  to   space 512K,   0% used [0x040d0000, 0x040d0000, 0x04150000)
 tenured generation   total 10944K, used 10093K [0x09150000, 0x09c00000, 0x13c00000)
   the space 10944K,  92% used [0x09150000, 0x09b2b4d0, 0x09b2b600, 0x09c00000)
 Metaspace       used 8453K, capacity 8636K, committed 8704K, reserved 9600K
}
Event: 66.094 GC heap before
{Heap before GC invocations=86 (full 0):
 def new generation   total 4928K, used 4416K [0x03c00000, 0x04150000, 0x09150000)
  eden space 4416K, 100% used [0x03c00000, 0x04050000, 0x04050000)
  from space 512K,   0% used [0x04050000, 0x04050178, 0x040d0000)
  to   space 512K,   0% used [0x040d0000, 0x040d0000, 0x04150000)
 tenured generation   total 10944K, used 10093K [0x09150000, 0x09c00000, 0x13c00000)
   the space 10944K,  92% used [0x09150000, 0x09b2b4d0, 0x09b2b600, 0x09c00000)
 Metaspace       used 8453K, capacity 8636K, committed 8704K, reserved 9600K
Event: 66.095 GC heap after
Heap after GC invocations=87 (full 0):
 def new generation   total 4928K, used 0K [0x03c00000, 0x04150000, 0x09150000)
  eden space 4416K,   0% used [0x03c00000, 0x03c00000, 0x04050000)
  from space 512K,   0% used [0x040d0000, 0x040d0150, 0x04150000)
  to   space 512K,   0% used [0x04050000, 0x04050000, 0x040d0000)
 tenured generation   total 10944K, used 10093K [0x09150000, 0x09c00000, 0x13c00000)
   the space 10944K,  92% used [0x09150000, 0x09b2b500, 0x09b2b600, 0x09c00000)
 Metaspace       used 8453K, capacity 8636K, committed 8704K, reserved 9600K
}
Event: 66.759 GC heap before
{Heap before GC invocations=87 (full 0):
 def new generation   total 4928K, used 4416K [0x03c00000, 0x04150000, 0x09150000)
  eden space 4416K, 100% used [0x03c00000, 0x04050000, 0x04050000)
  from space 512K,   0% used [0x040d0000, 0x040d0150, 0x04150000)
  to   space 512K,   0% used [0x04050000, 0x04050000, 0x040d0000)
 tenured generation   total 10944K, used 10093K [0x09150000, 0x09c00000, 0x13c00000)
   the space 10944K,  92% used [0x09150000, 0x09b2b500, 0x09b2b600, 0x09c00000)
 Metaspace       used 8453K, capacity 8636K, committed 8704K, reserved 9600K
Event: 66.760 GC heap after
Heap after GC invocations=88 (full 0):
 def new generation   total 4928K, used 0K [0x03c00000, 0x04150000, 0x09150000)
  eden space 4416K,   0% used [0x03c00000, 0x03c00000, 0x04050000)
  from space 512K,   0% used [0x04050000, 0x04050110, 0x040d0000)
  to   space 512K,   0% used [0x040d0000, 0x040d0000, 0x04150000)
 tenured generation   total 10944K, used 10093K [0x09150000, 0x09c00000, 0x13c00000)
   the space 10944K,  92% used [0x09150000, 0x09b2b500, 0x09b2b600, 0x09c00000)
 Metaspace       used 8453K, capacity 8636K, committed 8704K, reserved 9600K
}
Event: 67.465 GC heap before
{Heap before GC invocations=88 (full 0):
 def new generation   total 4928K, used 4416K [0x03c00000, 0x04150000, 0x09150000)
  eden space 4416K, 100% used [0x03c00000, 0x04050000, 0x04050000)
  from space 512K,   0% used [0x04050000, 0x04050110, 0x040d0000)
  to   space 512K,   0% used [0x040d0000, 0x040d0000, 0x04150000)
 tenured generation   total 10944K, used 10093K [0x09150000, 0x09c00000, 0x13c00000)
   the space 10944K,  92% used [0x09150000, 0x09b2b500, 0x09b2b600, 0x09c00000)
 Metaspace       used 8453K, capacity 8636K, committed 8704K, reserved 9600K
Event: 67.466 GC heap after
Heap after GC invocations=89 (full 0):
 def new generation   total 4928K, used 0K [0x03c00000, 0x04150000, 0x09150000)
  eden space 4416K,   0% used [0x03c00000, 0x03c00000, 0x04050000)
  from space 512K,   0% used [0x040d0000, 0x040d0138, 0x04150000)
  to   space 512K,   0% used [0x04050000, 0x04050000, 0x040d0000)
 tenured generation   total 10944K, used 10093K [0x09150000, 0x09c00000, 0x13c00000)
   the space 10944K,  92% used [0x09150000, 0x09b2b500, 0x09b2b600, 0x09c00000)
 Metaspace       used 8453K, capacity 8636K, committed 8704K, reserved 9600K
}

Deoptimization events (0 events):
No events

Classes redefined (0 events):
No events

Internal exceptions (10 events):
Event: 0.043 Thread 0x01abc400 Exception <a 'java/lang/NoSuchMethodError': Method sun.misc.Unsafe.defineClass(Ljava/lang/String;[BII)Ljava/lang/Class; name or signature does not match> (0x03c06ea8) thrown at [C:\re\workspace\8-2-build-windows-i586-cygwin\jdk8u171\10807\hotspot\src\shar
Event: 0.043 Thread 0x01abc400 Exception <a 'java/lang/NoSuchMethodError': Method sun.misc.Unsafe.prefetchRead(Ljava/lang/Object;J)V name or signature does not match> (0x03c07178) thrown at [C:\re\workspace\8-2-build-windows-i586-cygwin\jdk8u171\10807\hotspot\src\share\vm\prims\jni.cpp
Event: 0.173 Thread 0x01abc400 Exception <a 'java/security/PrivilegedActionException'> (0x03c9c190) thrown at [C:\re\workspace\8-2-build-windows-i586-cygwin\jdk8u171\10807\hotspot\src\share\vm\prims\jvm.cpp, line 1435]
Event: 0.173 Thread 0x01abc400 Exception <a 'java/security/PrivilegedActionException'> (0x03c9c390) thrown at [C:\re\workspace\8-2-build-windows-i586-cygwin\jdk8u171\10807\hotspot\src\share\vm\prims\jvm.cpp, line 1435]
Event: 0.181 Thread 0x01abc400 Exception <a 'java/security/PrivilegedActionException'> (0x03c9fe38) thrown at [C:\re\workspace\8-2-build-windows-i586-cygwin\jdk8u171\10807\hotspot\src\share\vm\prims\jvm.cpp, line 1435]
Event: 0.181 Thread 0x01abc400 Exception <a 'java/security/PrivilegedActionException'> (0x03ca0038) thrown at [C:\re\workspace\8-2-build-windows-i586-cygwin\jdk8u171\10807\hotspot\src\share\vm\prims\jvm.cpp, line 1435]
Event: 0.194 Thread 0x01abc400 Exception <a 'java/io/FileNotFoundException'> (0x03ca43d0) thrown at [C:\re\workspace\8-2-build-windows-i586-cygwin\jdk8u171\10807\hotspot\src\share\vm\prims\jni.cpp, line 709]
Event: 0.257 Thread 0x01abc400 Exception <a 'java/lang/NoSuchFieldError': method resolution failed> (0x03d62c30) thrown at [C:\re\workspace\8-2-build-windows-i586-cygwin\jdk8u171\10807\hotspot\src\share\vm\prims\methodHandles.cpp, line 1167]
Event: 0.260 Thread 0x01abc400 Exception <a 'java/lang/NoSuchFieldError': method resolution failed> (0x03d6edd0) thrown at [C:\re\workspace\8-2-build-windows-i586-cygwin\jdk8u171\10807\hotspot\src\share\vm\prims\methodHandles.cpp, line 1167]
Event: 0.338 Thread 0x01abc400 Exception <a 'java/io/FileNotFoundException'> (0x03df84c8) thrown at [C:\re\workspace\8-2-build-windows-i586-cygwin\jdk8u171\10807\hotspot\src\share\vm\prims\jni.cpp, line 709]

Events (10 events):
Event: 66.095 Executing VM operation: GenCollectForAllocation done
Event: 66.758 Executing VM operation: GenCollectForAllocation
Event: 66.760 Executing VM operation: GenCollectForAllocation done
Event: 67.465 Executing VM operation: GenCollectForAllocation
Event: 67.466 Executing VM operation: GenCollectForAllocation done
Event: 67.840 loading class sun/misc/Signal$1
Event: 67.840 loading class sun/misc/Signal$1 done
Event: 67.840 Thread 0x15403000 Thread added: 0x15403000
Event: 67.843 Thread 0x15403800 Thread added: 0x15403800
Event: 67.843 Thread 0x154f0000 Thread added: 0x154f0000


Dynamic libraries:
0x01270000 - 0x012a3000 	C:\Program Files\Java\jdk1.8.0_171\bin\java.exe
0x776f0000 - 0x7782c000 	C:\Windows\SYSTEM32\ntdll.dll
0x76700000 - 0x767d4000 	C:\Windows\system32\kernel32.dll
0x759a0000 - 0x759ea000 	C:\Windows\system32\KERNELBASE.dll
0x76460000 - 0x76500000 	C:\Windows\system32\ADVAPI32.dll
0x75f00000 - 0x75fac000 	C:\Windows\system32\msvcrt.dll
0x77840000 - 0x77859000 	C:\Windows\SYSTEM32\sechost.dll
0x75fb0000 - 0x76051000 	C:\Windows\system32\RPCRT4.dll
0x77480000 - 0x77549000 	C:\Windows\system32\USER32.dll
0x77430000 - 0x7747e000 	C:\Windows\system32\GDI32.dll
0x77830000 - 0x7783a000 	C:\Windows\system32\LPK.dll
0x75cf0000 - 0x75d8d000 	C:\Windows\system32\USP10.dll
0x747a0000 - 0x7493e000 	C:\Windows\WinSxS\x86_microsoft.windows.common-controls_6595b64144ccf1df_6.0.7600.16385_none_421189da2b7fabfc\COMCTL32.dll
0x762f0000 - 0x76347000 	C:\Windows\system32\SHLWAPI.dll
0x75b40000 - 0x75b5f000 	C:\Windows\system32\IMM32.DLL
0x75e30000 - 0x75efc000 	C:\Windows\system32\MSCTF.dll
0x6b350000 - 0x6b37c000 	c:\progra~1\netpro~1\Zvfort32.dll
0x76350000 - 0x763df000 	C:\Windows\system32\OLEAUT32.dll
0x76160000 - 0x762bc000 	C:\Windows\system32\ole32.dll
0x71770000 - 0x71813000 	C:\Windows\WinSxS\x86_microsoft.vc90.crt_1fc8b3b9a1e18e3b_9.0.30729.7523_none_508f21ccbcbbb7a8\MSVCR90.dll
0x72dd0000 - 0x72e8f000 	C:\Program Files\Java\jdk1.8.0_171\jre\bin\msvcr100.dll
0x5e2c0000 - 0x5e691000 	C:\Program Files\Java\jdk1.8.0_171\jre\bin\client\jvm.dll
0x73730000 - 0x73737000 	C:\Windows\system32\WSOCK32.dll
0x77880000 - 0x778b5000 	C:\Windows\system32\WS2_32.dll
0x75d90000 - 0x75d96000 	C:\Windows\system32\NSI.dll
0x718c0000 - 0x718f2000 	C:\Windows\system32\WINMM.dll
0x74d40000 - 0x74d49000 	C:\Windows\system32\VERSION.dll
0x77860000 - 0x77865000 	C:\Windows\system32\PSAPI.DLL
0x74960000 - 0x7496c000 	C:\Program Files\Java\jdk1.8.0_171\jre\bin\verify.dll
0x736b0000 - 0x736d2000 	C:\Program Files\Java\jdk1.8.0_171\jre\bin\java.dll
0x73710000 - 0x73724000 	C:\Program Files\Java\jdk1.8.0_171\jre\bin\zip.dll
0x767e0000 - 0x77429000 	C:\Windows\system32\SHELL32.dll
0x75840000 - 0x7584b000 	C:\Windows\system32\profapi.dll
0x72540000 - 0x72685000 	C:\Program Files\Java\jdk1.8.0_171\jre\bin\awt.dll
0x73f00000 - 0x73f13000 	C:\Windows\system32\DWMAPI.DLL
0x72470000 - 0x72538000 	C:\Windows\system32\opengl32.dll
0x729a0000 - 0x729c2000 	C:\Windows\system32\GLU32.dll
0x5fbe0000 - 0x5fcc7000 	C:\Windows\system32\DDRAW.dll
0x6d360000 - 0x6d366000 	C:\Windows\system32\DCIMAN32.dll
0x77550000 - 0x776ed000 	C:\Windows\system32\SETUPAPI.dll
0x758c0000 - 0x758e7000 	C:\Windows\system32\CFGMGR32.dll
0x758f0000 - 0x75902000 	C:\Windows\system32\DEVOBJ.dll
0x74620000 - 0x74660000 	C:\Windows\system32\uxtheme.dll
0x75790000 - 0x7579c000 	C:\Windows\system32\CRYPTBASE.dll
0x735e0000 - 0x73606000 	C:\Program Files\Java\jdk1.8.0_171\jre\bin\jpeg.dll
0x72960000 - 0x72999000 	C:\Program Files\Java\jdk1.8.0_171\jre\bin\fontmanager.dll
0x75da0000 - 0x75e23000 	C:\Windows\system32\CLBCatQ.DLL
0x73d90000 - 0x73e8b000 	C:\Windows\system32\WindowsCodecs.dll
0x75740000 - 0x7578b000 	C:\Windows\system32\apphelp.dll
0x714f0000 - 0x71521000 	C:\Windows\system32\EhStorShell.dll
0x74520000 - 0x74615000 	C:\Windows\system32\PROPSYS.dll
0x661c0000 - 0x663dd000 	C:\PROGRA~1\MICROS~2\Office12\GR469A~1.DLL
0x68ef0000 - 0x68fe1000 	C:\PROGRA~1\MICROS~2\Office12\GrooveUtil.DLL
0x76060000 - 0x76154000 	C:\Windows\system32\WININET.dll
0x77870000 - 0x77873000 	C:\Windows\system32\Normaliz.dll
0x75b60000 - 0x75c95000 	C:\Windows\system32\urlmon.dll
0x75a20000 - 0x75b3c000 	C:\Windows\system32\CRYPT32.dll
0x758b0000 - 0x758bc000 	C:\Windows\system32\MSASN1.dll
0x76500000 - 0x766f9000 	C:\Windows\system32\iertutil.dll
0x71820000 - 0x718bb000 	C:\Windows\WinSxS\x86_microsoft.vc80.crt_1fc8b3b9a1e18e3b_8.0.50727.6229_none_d089f796442de10e\MSVCR80.dll
0x68ff0000 - 0x68ff7000 	C:\PROGRA~1\MICROS~2\Office12\GrooveNew.DLL
0x70df0000 - 0x70e0b000 	C:\Windows\WinSxS\x86_microsoft.vc80.atl_1fc8b3b9a1e18e3b_8.0.50727.6229_none_d1c3b2e2435ad752\ATL80.DLL
0x752c0000 - 0x752d6000 	C:\Windows\system32\CRYPTSP.dll
0x75060000 - 0x7509b000 	C:\Windows\system32\rsaenh.dll
0x70530000 - 0x70535000 	C:\Windows\system32\MSImg32.dll
0x704c0000 - 0x7052a000 	C:\Windows\System32\cscui.dll
0x704b0000 - 0x704b9000 	C:\Windows\System32\CSCDLL.dll
0x704a0000 - 0x704ab000 	C:\Windows\system32\CSCAPI.dll
0x70430000 - 0x7049f000 	C:\Windows\system32\ntshrui.dll
0x754b0000 - 0x754c9000 	C:\Windows\system32\srvcli.dll
0x73f20000 - 0x73f2a000 	C:\Windows\system32\slc.dll
0x72db0000 - 0x72dc5000 	C:\Program Files\Java\jdk1.8.0_171\jre\bin\net.dll
0x75280000 - 0x752bc000 	C:\Windows\system32\mswsock.dll
0x75270000 - 0x75276000 	C:\Windows\System32\wship6.dll
0x736a0000 - 0x736af000 	C:\Program Files\Java\jdk1.8.0_171\jre\bin\nio.dll
0x72920000 - 0x72952000 	C:\Program Files\Java\jdk1.8.0_171\jre\bin\t2k.dll
0x74dd0000 - 0x74dd5000 	C:\Windows\System32\wshtcpip.dll
0x75140000 - 0x75184000 	C:\Windows\system32\DNSAPI.dll
0x73d20000 - 0x73d3c000 	C:\Windows\system32\IPHLPAPI.DLL
0x73d10000 - 0x73d17000 	C:\Windows\system32\WINNSI.DLL
0x72100000 - 0x72106000 	C:\Windows\system32\rasadhlp.dll
0x73c10000 - 0x73c48000 	C:\Windows\System32\fwpuclnt.dll
0x6c420000 - 0x6c50b000 	C:\Windows\system32\dbghelp.dll

VM Arguments:
java_command: RM.RM
java_class_path (initial): .
Launcher Type: SUN_STANDARD

Environment Variables:
PATH=C:\Program Files\Common Files\Oracle\Java\javapath;C:\Windows\system32;C:\Windows;C:\Windows\System32\Wbem;C:\Windows\System32\WindowsPowerShell\v1.0\;C:\Program Files\Microsoft SQL Server\100\Tools\Binn\;C:\Program Files\Microsoft SQL Server\100\DTS\Binn\;C:\Program Files\Java\jdk1.8.0_171\bin
USERNAME=SANJAY
OS=Windows_NT
PROCESSOR_IDENTIFIER=x86 Family 6 Model 23 Stepping 6, GenuineIntel



---------------  S Y S T E M  ---------------

OS: Windows 7 Build 7600 (6.1.7600.16385)

CPU:total 2 (initial active 2) (2 cores per cpu, 1 threads per core) family 6 model 23 stepping 6, cmov, cx8, fxsr, mmx, sse, sse2, sse3, ssse3, tsc

Memory: 4k page, physical 3135800k(989720k free), swap 6269836k(4160564k free)

vm_info: Java HotSpot(TM) Client VM (25.171-b11) for windows-x86 JRE (1.8.0_171-b11), built on Mar 28 2018 14:51:22 by "java_re" with MS VC++ 10.0 (VS2010)

time: Thu Oct 10 19:56:33 2019
elapsed time: 67 seconds (0d 0h 1m 7s)

